100 100
c331 3046
c332 3118
c333 3021
c334 3159
c335 2806
c336 3071
c337 2624
c338 3065
c339 3014
c3310 2695
c3311 3021
c3312 2768
c3313 2807
c3314 2732
c3315 2977
c3316 2966
c3317 2967
c3318 2980
c3319 3166
c3320 3038
c3321 2922
c3322 2711
c3323 3101
c3324 3140
c3325 3023
c3326 2759
c3327 2644
c3328 3006
c3329 2829
c3330 2919
c3331 2679
c3332 3009
c3333 2958
c3334 2856
c3335 2443
c3336 2551
c3337 2867
c3338 2787
c3339 3038
c3340 3056
c3341 3042
c3342 2800
c3343 2770
c3344 2903
c3345 2871
c3346 3026
c3347 2820
c3348 2746
c3349 2985
c3350 2771
c3351 3006
c3352 3100
c3353 2914
c3354 2876
c3355 2875
c3356 2931
c3357 3140
c3358 3041
c3359 3041
c3360 2983
c3361 2792
c3362 2623
c3363 2918
c3364 2864
c3365 2935
c3366 3058
c3367 2854
c3368 2928
c3369 2380
c3370 2686
c3371 2995
c3372 2865
c3373 2933
c3374 2588
c3375 2871
c3376 2797
c3377 3076
c3378 2811
c3379 2886
c3380 3151
c3381 2874
c3382 2962
c3383 2822
c3384 2658
c3385 2798
c3386 2682
c3387 3008
c3388 2937
c3389 2818
c3390 2952
c3391 2863
c3392 3076
c3393 2909
c3394 2949
c3395 3130
c3396 3043
c3397 2961
c3398 3013
c3399 2990
c33100 2830
c341 3094
c342 3122
c343 3067
c344 3340
c345 2999
c346 3184
c347 2862
c348 3304
c349 3138
c3410 3185
c3411 3101
c3412 2880
c3413 3126
c3414 2847
c3415 3269
c3416 3124
c3417 3031
c3418 3380
c3419 3597
c3420 3329
c3421 3166
c3422 2889
c3423 3132
c3424 3416
c3425 3166
c3426 3115
c3427 2869
c3428 3106
c3429 2963
c3430 3118
c3431 3085
c3432 3396
c3433 3119
c3434 3136
c3435 2836
c3436 2784
c3437 3027
c3438 3052
c3439 3271
c3440 3297
c3441 3184
c3442 3113
c3443 3056
c3444 3042
c3445 2908
c3446 3270
c3447 3056
c3448 2914
c3449 3294
c3450 2949
c3451 2938
c3452 3498
c3453 2923
c3454 3290
c3455 2816
c3456 3091
c3457 3581
c3458 3127
c3459 3012
c3460 3211
c3461 2891
c3462 2688
c3463 3087
c3464 3031
c3465 3196
c3466 3162
c3467 3002
c3468 3257
c3469 2823
c3470 2991
c3471 3220
c3472 2997
c3473 3129
c3474 2714
c3475 3236
c3476 2788
c3477 3294
c3478 2939
c3479 3274
c3480 3213
c3481 2998
c3482 3137
c3483 3051
c3484 2884
c3485 3230
c3486 3112
c3487 3123
c3488 3107
c3489 3085
c3490 3200
c3491 3052
c3492 3216
c3493 2966
c3494 3091
c3495 3361
c3496 3252
c3497 3145
c3498 3155
c3499 3289
c34100 3156
8
