100 100
c651 2936
c652 2989
c653 2779
c654 2896
c655 2629
c656 2804
c657 2590
c658 2961
c659 2952
c6510 2845
c6511 2944
c6512 2455
c6513 2625
c6514 2523
c6515 2830
c6516 2931
c6517 2676
c6518 2798
c6519 2953
c6520 2857
c6521 2685
c6522 2635
c6523 2897
c6524 2982
c6525 2822
c6526 2652
c6527 2521
c6528 2729
c6529 2779
c6530 2803
c6531 2751
c6532 2955
c6533 2890
c6534 2723
c6535 2441
c6536 2599
c6537 2694
c6538 2685
c6539 3088
c6540 2953
c6541 2787
c6542 2722
c6543 2791
c6544 2734
c6545 2612
c6546 2827
c6547 2709
c6548 2679
c6549 2812
c6550 2738
c6551 2853
c6552 2950
c6553 2550
c6554 2841
c6555 2510
c6556 2862
c6557 3142
c6558 2877
c6559 2671
c6560 2799
c6561 2696
c6562 2396
c6563 2863
c6564 2804
c6565 2800
c6566 2682
c6567 2732
c6568 2773
c6569 2522
c6570 2671
c6571 2964
c6572 2889
c6573 2874
c6574 2569
c6575 2730
c6576 2685
c6577 3078
c6578 2684
c6579 2864
c6580 2883
c6581 2753
c6582 2883
c6583 2686
c6584 2537
c6585 2861
c6586 2723
c6587 2778
c6588 2709
c6589 2699
c6590 2882
c6591 2718
c6592 2871
c6593 2724
c6594 2934
c6595 2878
c6596 2821
c6597 2883
c6598 2724
c6599 2926
c65100 2782
c661 3068
c662 2971
c663 2961
c664 3200
c665 2792
c666 2870
c667 2525
c668 3100
c669 3124
c6610 2829
c6611 2996
c6612 2757
c6613 3077
c6614 2639
c6615 2893
c6616 3169
c6617 2877
c6618 3130
c6619 3421
c6620 3092
c6621 3000
c6622 2624
c6623 3090
c6624 3057
c6625 2962
c6626 2976
c6627 2610
c6628 2978
c6629 2942
c6630 2953
c6631 2751
c6632 3284
c6633 3015
c6634 3005
c6635 2631
c6636 2678
c6637 2794
c6638 2941
c6639 3079
c6640 3121
c6641 2928
c6642 2850
c6643 2826
c6644 2877
c6645 2743
c6646 2937
c6647 2780
c6648 2616
c6649 2953
c6650 2741
c6651 3054
c6652 3125
c6653 2715
c6654 2961
c6655 2776
c6656 2987
c6657 3203
c6658 3039
c6659 2778
c6660 2901
c6661 2744
c6662 2489
c6663 2933
c6664 2931
c6665 2960
c6666 3012
c6667 2941
c6668 3147
c6669 2652
c6670 2939
c6671 3073
c6672 2855
c6673 3026
c6674 2760
c6675 2912
c6676 2721
c6677 3146
c6678 2952
c6679 3088
c6680 3131
c6681 2810
c6682 2961
c6683 2906
c6684 2643
c6685 3013
c6686 2822
c6687 3021
c6688 3111
c6689 3047
c6690 3037
c6691 2891
c6692 2952
c6693 2857
c6694 2959
c6695 3162
c6696 3080
c6697 2925
c6698 3045
c6699 3040
c66100 2730
8
