100 100
c691 3103
c692 3126
c693 3147
c694 3088
c695 3043
c696 3029
c697 2762
c698 3199
c699 3156
c6910 2983
c6911 3027
c6912 2751
c6913 3028
c6914 2778
c6915 3065
c6916 2977
c6917 2845
c6918 3066
c6919 3280
c6920 3109
c6921 2954
c6922 2735
c6923 3054
c6924 3182
c6925 3018
c6926 2988
c6927 2673
c6928 2975
c6929 3008
c6930 3049
c6931 3023
c6932 3078
c6933 3075
c6934 3031
c6935 2630
c6936 2693
c6937 2862
c6938 2937
c6939 3103
c6940 3099
c6941 3053
c6942 3066
c6943 2708
c6944 3108
c6945 2837
c6946 2933
c6947 2964
c6948 2857
c6949 3086
c6950 2871
c6951 3094
c6952 3121
c6953 2965
c6954 3124
c6955 2806
c6956 2946
c6957 3387
c6958 3003
c6959 2814
c6960 3068
c6961 2954
c6962 2693
c6963 3216
c6964 2981
c6965 2993
c6966 2927
c6967 2931
c6968 3208
c6969 2571
c6970 2876
c6971 3048
c6972 2948
c6973 2924
c6974 2821
c6975 3105
c6976 2776
c6977 3304
c6978 2724
c6979 2968
c6980 3048
c6981 3122
c6982 2932
c6983 2994
c6984 2772
c6985 3041
c6986 2741
c6987 3028
c6988 2911
c6989 3058
c6990 2962
c6991 2967
c6992 3160
c6993 2808
c6994 3058
c6995 3134
c6996 3120
c6997 3076
c6998 3052
c6999 3282
c69100 2870
c701 3000
c702 3005
c703 2856
c704 2946
c705 2902
c706 2815
c707 2551
c708 2814
c709 2943
c7010 2748
c7011 2922
c7012 2602
c7013 2859
c7014 2569
c7015 2838
c7016 2931
c7017 2752
c7018 2925
c7019 3132
c7020 2791
c7021 2783
c7022 2532
c7023 2911
c7024 2952
c7025 2957
c7026 2812
c7027 2515
c7028 2787
c7029 3008
c7030 2763
c7031 2781
c7032 2933
c7033 3010
c7034 2816
c7035 2487
c7036 2473
c7037 2739
c7038 2642
c7039 2999
c7040 3008
c7041 2748
c7042 2842
c7043 2839
c7044 2906
c7045 2728
c7046 2550
c7047 2794
c7048 2392
c7049 2837
c7050 2818
c7051 3102
c7052 2945
c7053 2680
c7054 2982
c7055 2569
c7056 2598
c7057 3060
c7058 2675
c7059 2669
c7060 2672
c7061 2654
c7062 2485
c7063 3035
c7064 2785
c7065 2812
c7066 3053
c7067 2880
c7068 2882
c7069 2467
c7070 2660
c7071 2887
c7072 2800
c7073 2801
c7074 2596
c7075 2930
c7076 2648
c7077 3039
c7078 2625
c7079 2759
c7080 2914
c7081 2943
c7082 2861
c7083 2770
c7084 2619
c7085 2794
c7086 2596
c7087 2873
c7088 2814
c7089 2946
c7090 2830
c7091 2784
c7092 2767
c7093 2733
c7094 2794
c7095 2935
c7096 2855
c7097 2898
c7098 2830
c7099 3044
c70100 2837
8
