100 100
c931 3314
c932 3181
c933 3242
c934 3392
c935 3080
c936 3284
c937 2818
c938 3040
c939 3206
c9310 3150
c9311 3156
c9312 3021
c9313 3067
c9314 2962
c9315 3157
c9316 3304
c9317 3222
c9318 3184
c9319 3411
c9320 3346
c9321 3110
c9322 2676
c9323 3225
c9324 3484
c9325 3246
c9326 3130
c9327 2848
c9328 3082
c9329 3050
c9330 3180
c9331 2984
c9332 3258
c9333 3295
c9334 3216
c9335 2803
c9336 2959
c9337 3012
c9338 3104
c9339 3264
c9340 3593
c9341 3217
c9342 3078
c9343 2988
c9344 3210
c9345 2923
c9346 3137
c9347 3006
c9348 2828
c9349 3311
c9350 2982
c9351 3068
c9352 3348
c9353 3026
c9354 3111
c9355 2907
c9356 3369
c9357 3484
c9358 3103
c9359 3033
c9360 3210
c9361 2888
c9362 2803
c9363 3328
c9364 3165
c9365 3176
c9366 3140
c9367 3097
c9368 3146
c9369 2857
c9370 2982
c9371 3235
c9372 3054
c9373 3168
c9374 2791
c9375 3038
c9376 2968
c9377 3413
c9378 2939
c9379 2995
c9380 3194
c9381 3307
c9382 3132
c9383 3103
c9384 3006
c9385 3217
c9386 2896
c9387 3267
c9388 3152
c9389 3094
c9390 3236
c9391 3212
c9392 3355
c9393 3122
c9394 3134
c9395 3422
c9396 3153
c9397 3465
c9398 3126
c9399 3180
c93100 3177
c941 3062
c942 3328
c943 3248
c944 3086
c945 3119
c946 3108
c947 2897
c948 3225
c949 3227
c9410 2930
c9411 3185
c9412 2670
c9413 3118
c9414 2863
c9415 3096
c9416 3050
c9417 2884
c9418 3128
c9419 3275
c9420 3171
c9421 2929
c9422 2894
c9423 3412
c9424 3175
c9425 3196
c9426 2820
c9427 2830
c9428 3145
c9429 3104
c9430 3102
c9431 3038
c9432 3118
c9433 3131
c9434 2949
c9435 2599
c9436 2732
c9437 2989
c9438 3055
c9439 3082
c9440 3407
c9441 3234
c9442 2890
c9443 2902
c9444 3073
c9445 2872
c9446 3093
c9447 2784
c9448 2782
c9449 3032
c9450 2894
c9451 3265
c9452 3444
c9453 3219
c9454 3181
c9455 2848
c9456 3020
c9457 3445
c9458 2980
c9459 3081
c9460 3225
c9461 2920
c9462 2780
c9463 3202
c9464 3224
c9465 3045
c9466 3152
c9467 2876
c9468 3167
c9469 2545
c9470 2967
c9471 3071
c9472 2926
c9473 3000
c9474 2633
c9475 3162
c9476 2999
c9477 3270
c9478 3033
c9479 3150
c9480 3021
c9481 3175
c9482 3031
c9483 3196
c9484 2824
c9485 3090
c9486 2916
c9487 3090
c9488 2889
c9489 3126
c9490 3136
c9491 2847
c9492 3117
c9493 3147
c9494 3198
c9495 3372
c9496 3115
c9497 3271
c9498 3231
c9499 3169
c94100 2928
12
