100 100
c591 3063
c592 3030
c593 3041
c594 3062
c595 2951
c596 3017
c597 2539
c598 2749
c599 2881
c5910 2980
c5911 2972
c5912 2826
c5913 2983
c5914 2674
c5915 2978
c5916 2933
c5917 2981
c5918 3051
c5919 3153
c5920 3080
c5921 2833
c5922 2660
c5923 2931
c5924 3203
c5925 2997
c5926 2870
c5927 2652
c5928 2913
c5929 2943
c5930 3101
c5931 2858
c5932 3171
c5933 2958
c5934 3100
c5935 2648
c5936 2620
c5937 2694
c5938 2838
c5939 3178
c5940 3201
c5941 3065
c5942 3027
c5943 2603
c5944 3033
c5945 2805
c5946 2850
c5947 2853
c5948 2695
c5949 3046
c5950 2717
c5951 2826
c5952 3027
c5953 3065
c5954 2901
c5955 2857
c5956 3021
c5957 3375
c5958 2946
c5959 2926
c5960 2879
c5961 2888
c5962 2745
c5963 3006
c5964 2874
c5965 2891
c5966 2887
c5967 2991
c5968 3093
c5969 2604
c5970 3004
c5971 3029
c5972 2572
c5973 2854
c5974 2698
c5975 3063
c5976 2632
c5977 3133
c5978 2795
c5979 2823
c5980 2958
c5981 3098
c5982 2903
c5983 2939
c5984 2731
c5985 3056
c5986 2844
c5987 2883
c5988 2833
c5989 3015
c5990 2919
c5991 2953
c5992 3094
c5993 2788
c5994 2983
c5995 3256
c5996 3058
c5997 3129
c5998 2892
c5999 2906
c59100 2970
c601 3053
c602 3132
c603 2974
c604 3107
c605 2962
c606 3149
c607 2792
c608 3233
c609 3024
c6010 3037
c6011 3183
c6012 2693
c6013 3051
c6014 2792
c6015 3085
c6016 3022
c6017 2983
c6018 3115
c6019 3403
c6020 3210
c6021 2981
c6022 2840
c6023 3164
c6024 3299
c6025 3164
c6026 3015
c6027 2876
c6028 2948
c6029 3018
c6030 3035
c6031 3034
c6032 3220
c6033 3102
c6034 3114
c6035 2797
c6036 2751
c6037 3027
c6038 3070
c6039 3153
c6040 3126
c6041 3064
c6042 3100
c6043 2881
c6044 3084
c6045 2820
c6046 3127
c6047 2945
c6048 2998
c6049 3149
c6050 2910
c6051 3128
c6052 3284
c6053 3042
c6054 3198
c6055 2717
c6056 3088
c6057 3450
c6058 3051
c6059 2959
c6060 3079
c6061 2874
c6062 2673
c6063 3123
c6064 3175
c6065 3031
c6066 3090
c6067 2894
c6068 3092
c6069 2715
c6070 3061
c6071 3093
c6072 2926
c6073 3105
c6074 2747
c6075 3187
c6076 2747
c6077 3292
c6078 2937
c6079 3135
c6080 3121
c6081 3032
c6082 3134
c6083 3022
c6084 2911
c6085 3123
c6086 2974
c6087 3040
c6088 3097
c6089 3094
c6090 3237
c6091 2925
c6092 3264
c6093 2900
c6094 3208
c6095 3229
c6096 3076
c6097 3062
c6098 3101
c6099 3219
c60100 3036
8
