100 100
c191 3358
c192 3508
c193 3488
c194 3459
c195 3279
c196 3542
c197 3017
c198 3475
c199 3503
c1910 3402
c1911 3388
c1912 3069
c1913 3612
c1914 3191
c1915 3608
c1916 3608
c1917 3262
c1918 3479
c1919 3584
c1920 3517
c1921 3246
c1922 3103
c1923 3485
c1924 3544
c1925 3558
c1926 3158
c1927 3149
c1928 3321
c1929 3355
c1930 3300
c1931 3246
c1932 3556
c1933 3526
c1934 3396
c1935 2960
c1936 2998
c1937 3281
c1938 3120
c1939 3486
c1940 3472
c1941 3484
c1942 3281
c1943 3251
c1944 3355
c1945 3220
c1946 3524
c1947 3171
c1948 3102
c1949 3370
c1950 2993
c1951 3519
c1952 3369
c1953 3274
c1954 3452
c1955 3111
c1956 3395
c1957 3792
c1958 3270
c1959 3499
c1960 3441
c1961 3233
c1962 3111
c1963 3456
c1964 3357
c1965 3292
c1966 3630
c1967 3207
c1968 3437
c1969 2893
c1970 3394
c1971 3547
c1972 3300
c1973 3476
c1974 3031
c1975 3401
c1976 3032
c1977 3574
c1978 3280
c1979 3490
c1980 3404
c1981 3541
c1982 3515
c1983 3360
c1984 3312
c1985 3373
c1986 3166
c1987 3500
c1988 3397
c1989 3323
c1990 3386
c1991 3283
c1992 3610
c1993 3384
c1994 3595
c1995 3496
c1996 3519
c1997 3566
c1998 3492
c1999 3679
c19100 3335
c201 2998
c202 3008
c203 2852
c204 3023
c205 2860
c206 3088
c207 2633
c208 2969
c209 3147
c2010 2823
c2011 2980
c2012 2783
c2013 2954
c2014 2818
c2015 3050
c2016 3059
c2017 2917
c2018 2962
c2019 3318
c2020 3044
c2021 2977
c2022 2733
c2023 2984
c2024 3079
c2025 2856
c2026 2954
c2027 2645
c2028 3026
c2029 2763
c2030 2760
c2031 2916
c2032 3079
c2033 3004
c2034 3025
c2035 2794
c2036 2679
c2037 2860
c2038 2832
c2039 3005
c2040 2991
c2041 2982
c2042 2874
c2043 2822
c2044 2943
c2045 2673
c2046 3094
c2047 2979
c2048 2757
c2049 3077
c2050 2784
c2051 2894
c2052 3115
c2053 2668
c2054 3054
c2055 2725
c2056 2909
c2057 3257
c2058 2973
c2059 2856
c2060 2983
c2061 2821
c2062 2495
c2063 3025
c2064 2785
c2065 2934
c2066 3044
c2067 2881
c2068 3071
c2069 2465
c2070 2993
c2071 2965
c2072 2889
c2073 2906
c2074 2642
c2075 3079
c2076 2705
c2077 2993
c2078 2688
c2079 3063
c2080 3036
c2081 2962
c2082 2886
c2083 2802
c2084 2578
c2085 3100
c2086 2819
c2087 3082
c2088 2949
c2089 2922
c2090 2873
c2091 2763
c2092 2975
c2093 2743
c2094 2936
c2095 3105
c2096 3065
c2097 2946
c2098 2900
c2099 3192
c20100 2895
8
