100 100
c891 3257
c892 3341
c893 3202
c894 3260
c895 3210
c896 3331
c897 2804
c898 3311
c899 3218
c8910 3142
c8911 3194
c8912 2966
c8913 3158
c8914 2837
c8915 3187
c8916 3169
c8917 3016
c8918 3218
c8919 3430
c8920 3298
c8921 3141
c8922 2986
c8923 3433
c8924 3347
c8925 3201
c8926 3002
c8927 2903
c8928 3195
c8929 3192
c8930 3304
c8931 3167
c8932 3306
c8933 3330
c8934 3078
c8935 2802
c8936 2895
c8937 3048
c8938 3043
c8939 3366
c8940 3404
c8941 3259
c8942 3136
c8943 2957
c8944 3117
c8945 2936
c8946 3165
c8947 3032
c8948 2981
c8949 3139
c8950 2963
c8951 3108
c8952 3426
c8953 3065
c8954 3286
c8955 2942
c8956 3157
c8957 3501
c8958 3168
c8959 3181
c8960 3263
c8961 2983
c8962 2677
c8963 3233
c8964 3269
c8965 3171
c8966 3429
c8967 3185
c8968 3195
c8969 2796
c8970 3056
c8971 3151
c8972 3131
c8973 3047
c8974 2810
c8975 3182
c8976 2825
c8977 3340
c8978 2859
c8979 3102
c8980 3138
c8981 3242
c8982 3173
c8983 3146
c8984 2953
c8985 3196
c8986 2997
c8987 3118
c8988 3167
c8989 3139
c8990 3353
c8991 2961
c8992 3356
c8993 3166
c8994 3087
c8995 3390
c8996 3182
c8997 3215
c8998 3307
c8999 3315
c89100 3269
c901 3169
c902 3217
c903 3208
c904 3206
c905 2966
c906 3115
c907 2889
c908 3214
c909 3107
c9010 3071
c9011 3209
c9012 2793
c9013 2955
c9014 2912
c9015 2994
c9016 3225
c9017 2913
c9018 3205
c9019 3326
c9020 3087
c9021 2962
c9022 2790
c9023 3231
c9024 3397
c9025 3232
c9026 2974
c9027 2846
c9028 3056
c9029 2983
c9030 2925
c9031 3081
c9032 3220
c9033 3155
c9034 3042
c9035 2682
c9036 2744
c9037 2910
c9038 2936
c9039 3074
c9040 3179
c9041 3047
c9042 3024
c9043 2914
c9044 2937
c9045 2840
c9046 3078
c9047 2740
c9048 2702
c9049 2933
c9050 3126
c9051 3138
c9052 3234
c9053 2915
c9054 3125
c9055 2844
c9056 3076
c9057 3523
c9058 2976
c9059 2892
c9060 3027
c9061 2979
c9062 2773
c9063 3228
c9064 3077
c9065 3183
c9066 3201
c9067 3065
c9068 3077
c9069 2760
c9070 3115
c9071 2964
c9072 3142
c9073 3175
c9074 2936
c9075 3246
c9076 2971
c9077 3312
c9078 2928
c9079 2947
c9080 3294
c9081 3220
c9082 3090
c9083 3012
c9084 2786
c9085 3145
c9086 2953
c9087 3080
c9088 2990
c9089 3014
c9090 2842
c9091 2949
c9092 3237
c9093 2972
c9094 3235
c9095 3118
c9096 3184
c9097 3021
c9098 3113
c9099 3313
c90100 3064
12
