100 100
c311 3011
c312 3056
c313 3102
c314 3073
c315 2976
c316 3194
c317 2772
c318 2961
c319 3147
c3110 2904
c3111 3088
c3112 2612
c3113 2954
c3114 2904
c3115 2969
c3116 3045
c3117 2712
c3118 3121
c3119 3244
c3120 3079
c3121 2812
c3122 2667
c3123 3041
c3124 3167
c3125 3140
c3126 2928
c3127 2817
c3128 2899
c3129 2882
c3130 3048
c3131 2957
c3132 3210
c3133 3084
c3134 3092
c3135 2707
c3136 2728
c3137 2974
c3138 2839
c3139 3042
c3140 3334
c3141 3047
c3142 3025
c3143 3121
c3144 3000
c3145 2715
c3146 2992
c3147 2871
c3148 2816
c3149 3136
c3150 2821
c3151 3094
c3152 3300
c3153 3008
c3154 3039
c3155 2698
c3156 3013
c3157 3272
c3158 2728
c3159 2919
c3160 3140
c3161 2780
c3162 2797
c3163 3011
c3164 2912
c3165 2977
c3166 2949
c3167 2770
c3168 3014
c3169 2682
c3170 2921
c3171 3047
c3172 2940
c3173 2982
c3174 2683
c3175 3090
c3176 2702
c3177 3116
c3178 2787
c3179 3064
c3180 3007
c3181 3012
c3182 3172
c3183 2829
c3184 2799
c3185 2941
c3186 2777
c3187 3122
c3188 2972
c3189 3012
c3190 3160
c3191 2839
c3192 3136
c3193 3033
c3194 3143
c3195 3237
c3196 2950
c3197 3224
c3198 3041
c3199 3156
c31100 3070
c321 3111
c322 3208
c323 2975
c324 3129
c325 3031
c326 3119
c327 2655
c328 3112
c329 3128
c3210 3032
c3211 3020
c3212 3041
c3213 2951
c3214 2850
c3215 3217
c3216 2951
c3217 3006
c3218 3178
c3219 3371
c3220 3026
c3221 3001
c3222 2770
c3223 3011
c3224 3391
c3225 3133
c3226 2920
c3227 2757
c3228 3082
c3229 2986
c3230 3028
c3231 2983
c3232 3144
c3233 3094
c3234 3112
c3235 2502
c3236 2791
c3237 2957
c3238 2668
c3239 3129
c3240 3274
c3241 3139
c3242 3002
c3243 2914
c3244 2940
c3245 2917
c3246 3049
c3247 3070
c3248 2899
c3249 3028
c3250 2890
c3251 3093
c3252 3190
c3253 2840
c3254 3106
c3255 2849
c3256 3041
c3257 3399
c3258 3188
c3259 3051
c3260 2964
c3261 3089
c3262 2662
c3263 3078
c3264 3027
c3265 3091
c3266 3135
c3267 2918
c3268 3181
c3269 2679
c3270 3001
c3271 3102
c3272 3032
c3273 3091
c3274 2750
c3275 3075
c3276 2799
c3277 3262
c3278 2773
c3279 3094
c3280 3135
c3281 3026
c3282 3098
c3283 2943
c3284 2718
c3285 3025
c3286 2956
c3287 3204
c3288 3162
c3289 3099
c3290 2981
c3291 2930
c3292 3151
c3293 2879
c3294 3163
c3295 3117
c3296 3347
c3297 3050
c3298 3167
c3299 3202
c32100 2967
8
