100 100
c711 3423
c712 3414
c713 3277
c714 3361
c715 3224
c716 3293
c717 2939
c718 3418
c719 3371
c7110 3299
c7111 3178
c7112 2944
c7113 3364
c7114 2928
c7115 3336
c7116 3119
c7117 3171
c7118 3442
c7119 3449
c7120 3421
c7121 3300
c7122 3073
c7123 3495
c7124 3548
c7125 3508
c7126 3079
c7127 3074
c7128 3198
c7129 3364
c7130 3238
c7131 3146
c7132 3445
c7133 3170
c7134 3324
c7135 2930
c7136 3024
c7137 3192
c7138 3239
c7139 3393
c7140 3413
c7141 3410
c7142 3266
c7143 3215
c7144 3238
c7145 3099
c7146 3223
c7147 3238
c7148 3077
c7149 3402
c7150 3017
c7151 3437
c7152 3400
c7153 3113
c7154 3172
c7155 3034
c7156 3365
c7157 3757
c7158 3186
c7159 3144
c7160 3183
c7161 3206
c7162 2902
c7163 3411
c7164 3375
c7165 3379
c7166 3223
c7167 3343
c7168 3440
c7169 2870
c7170 3224
c7171 3407
c7172 3108
c7173 3373
c7174 2926
c7175 3289
c7176 3026
c7177 3433
c7178 3086
c7179 3460
c7180 3288
c7181 3465
c7182 3151
c7183 3198
c7184 3124
c7185 3466
c7186 3170
c7187 3221
c7188 3206
c7189 3340
c7190 3362
c7191 3259
c7192 3490
c7193 3365
c7194 3454
c7195 3347
c7196 3318
c7197 3457
c7198 3313
c7199 3435
c71100 3075
c721 2930
c722 2970
c723 2950
c724 2887
c725 2730
c726 2796
c727 2493
c728 2955
c729 2984
c7210 2597
c7211 2861
c7212 2499
c7213 2960
c7214 2620
c7215 2891
c7216 2991
c7217 2695
c7218 2986
c7219 3184
c7220 3045
c7221 2739
c7222 2630
c7223 2999
c7224 3034
c7225 2810
c7226 2742
c7227 2626
c7228 2697
c7229 2933
c7230 2797
c7231 2852
c7232 2800
c7233 3018
c7234 2962
c7235 2507
c7236 2509
c7237 2724
c7238 2806
c7239 2875
c7240 3019
c7241 2823
c7242 2791
c7243 2703
c7244 2817
c7245 2550
c7246 2775
c7247 2635
c7248 2433
c7249 2886
c7250 2810
c7251 3166
c7252 3016
c7253 2665
c7254 3012
c7255 2580
c7256 2793
c7257 3231
c7258 2720
c7259 2799
c7260 2933
c7261 2676
c7262 2521
c7263 3035
c7264 2934
c7265 2809
c7266 2869
c7267 2767
c7268 2989
c7269 2468
c7270 2698
c7271 2838
c7272 2712
c7273 2879
c7274 2600
c7275 2959
c7276 2635
c7277 2992
c7278 2634
c7279 2861
c7280 2931
c7281 2976
c7282 2867
c7283 2844
c7284 2743
c7285 2863
c7286 2711
c7287 2944
c7288 2788
c7289 2817
c7290 2926
c7291 2726
c7292 3060
c7293 2676
c7294 2987
c7295 2927
c7296 2859
c7297 2891
c7298 2906
c7299 2978
c72100 2700
8
