100 100
c671 3295
c672 3254
c673 3151
c674 3132
c675 3186
c676 3280
c677 2832
c678 3228
c679 3372
c6710 3075
c6711 3159
c6712 2870
c6713 3097
c6714 2988
c6715 3023
c6716 3236
c6717 2949
c6718 3131
c6719 3440
c6720 3208
c6721 3071
c6722 2934
c6723 3398
c6724 3251
c6725 3081
c6726 3046
c6727 2680
c6728 3126
c6729 3063
c6730 3162
c6731 3189
c6732 3231
c6733 3262
c6734 3132
c6735 2721
c6736 2905
c6737 3012
c6738 3027
c6739 3343
c6740 3288
c6741 3231
c6742 3125
c6743 2914
c6744 3175
c6745 2854
c6746 3250
c6747 2991
c6748 2965
c6749 3136
c6750 3080
c6751 3264
c6752 3200
c6753 3000
c6754 3244
c6755 2914
c6756 3302
c6757 3445
c6758 3117
c6759 3095
c6760 3195
c6761 3067
c6762 2688
c6763 3324
c6764 3201
c6765 3000
c6766 3136
c6767 2998
c6768 3208
c6769 2796
c6770 3132
c6771 3120
c6772 3035
c6773 3136
c6774 2873
c6775 3175
c6776 2829
c6777 3276
c6778 3037
c6779 3145
c6780 3261
c6781 3112
c6782 3253
c6783 3073
c6784 2962
c6785 3361
c6786 2928
c6787 3226
c6788 3085
c6789 3115
c6790 3233
c6791 2973
c6792 3300
c6793 2966
c6794 3177
c6795 3274
c6796 3302
c6797 3257
c6798 3290
c6799 3381
c67100 3034
c681 3234
c682 3345
c683 3191
c684 3145
c685 3178
c686 3346
c687 2933
c688 3369
c689 3220
c6810 3248
c6811 3004
c6812 2963
c6813 3233
c6814 3121
c6815 3384
c6816 3100
c6817 3045
c6818 3340
c6819 3433
c6820 3213
c6821 3060
c6822 2972
c6823 3253
c6824 3528
c6825 3432
c6826 2944
c6827 3018
c6828 3276
c6829 3104
c6830 3301
c6831 3162
c6832 3500
c6833 3267
c6834 3428
c6835 2858
c6836 2776
c6837 3132
c6838 2968
c6839 3447
c6840 3321
c6841 3412
c6842 3251
c6843 3266
c6844 3192
c6845 2951
c6846 3365
c6847 3180
c6848 3083
c6849 3403
c6850 3087
c6851 3157
c6852 3321
c6853 3031
c6854 3256
c6855 2968
c6856 3241
c6857 3522
c6858 3190
c6859 3144
c6860 3262
c6861 3003
c6862 2865
c6863 3250
c6864 3253
c6865 3268
c6866 3241
c6867 3118
c6868 3372
c6869 2845
c6870 3303
c6871 3261
c6872 3007
c6873 3389
c6874 2897
c6875 3313
c6876 3020
c6877 3368
c6878 2985
c6879 3427
c6880 3445
c6881 3254
c6882 3315
c6883 2923
c6884 3013
c6885 3245
c6886 3024
c6887 3351
c6888 3125
c6889 3112
c6890 3151
c6891 3128
c6892 3367
c6893 3157
c6894 3183
c6895 3387
c6896 3412
c6897 3282
c6898 3186
c6899 3349
c68100 3189
8
