100 100
c831 3209
c832 3017
c833 3104
c834 3080
c835 3024
c836 3218
c837 2820
c838 3296
c839 3172
c8310 2975
c8311 3093
c8312 2878
c8313 3225
c8314 2857
c8315 3113
c8316 3171
c8317 3071
c8318 3172
c8319 3290
c8320 3182
c8321 2982
c8322 2716
c8323 3328
c8324 3339
c8325 3163
c8326 3046
c8327 2850
c8328 3072
c8329 2944
c8330 2990
c8331 2894
c8332 3250
c8333 3162
c8334 3133
c8335 2921
c8336 2819
c8337 2978
c8338 2996
c8339 3208
c8340 3229
c8341 3173
c8342 3193
c8343 2949
c8344 3051
c8345 2869
c8346 3096
c8347 2886
c8348 2978
c8349 3195
c8350 2901
c8351 3192
c8352 3333
c8353 3027
c8354 3029
c8355 2725
c8356 3135
c8357 3494
c8358 3175
c8359 2974
c8360 3085
c8361 2908
c8362 2725
c8363 3137
c8364 3095
c8365 3067
c8366 3160
c8367 2910
c8368 3311
c8369 2734
c8370 3017
c8371 3182
c8372 2978
c8373 3164
c8374 2697
c8375 3102
c8376 2776
c8377 3335
c8378 2791
c8379 3137
c8380 3215
c8381 3066
c8382 3212
c8383 2978
c8384 3001
c8385 3068
c8386 2923
c8387 3189
c8388 3116
c8389 3061
c8390 3192
c8391 3019
c8392 3301
c8393 2881
c8394 3167
c8395 3300
c8396 3223
c8397 3127
c8398 3321
c8399 3305
c83100 3016
c841 2728
c842 2948
c843 2716
c844 2772
c845 2713
c846 2657
c847 2457
c848 2700
c849 2796
c8410 2485
c8411 2680
c8412 2567
c8413 2691
c8414 2430
c8415 2763
c8416 2750
c8417 2665
c8418 2898
c8419 3147
c8420 2722
c8421 2645
c8422 2497
c8423 2757
c8424 2946
c8425 2920
c8426 2763
c8427 2461
c8428 2710
c8429 2801
c8430 2834
c8431 2595
c8432 2731
c8433 2802
c8434 2880
c8435 2425
c8436 2359
c8437 2706
c8438 2657
c8439 2918
c8440 2724
c8441 2794
c8442 2859
c8443 2690
c8444 2823
c8445 2473
c8446 2688
c8447 2675
c8448 2510
c8449 2854
c8450 2635
c8451 2748
c8452 2733
c8453 2729
c8454 2841
c8455 2422
c8456 2610
c8457 2839
c8458 2595
c8459 2626
c8460 2623
c8461 2451
c8462 2344
c8463 2695
c8464 2685
c8465 2652
c8466 2734
c8467 2839
c8468 2786
c8469 2485
c8470 2788
c8471 2700
c8472 2620
c8473 2668
c8474 2598
c8475 2816
c8476 2434
c8477 3008
c8478 2551
c8479 2821
c8480 2759
c8481 2684
c8482 2796
c8483 2628
c8484 2536
c8485 2776
c8486 2517
c8487 2689
c8488 2656
c8489 2674
c8490 2862
c8491 2563
c8492 2849
c8493 2677
c8494 2834
c8495 2790
c8496 2698
c8497 2623
c8498 2612
c8499 2813
c84100 2763
12
