100 100
c251 3120
c252 3231
c253 3109
c254 3047
c255 2954
c256 3003
c257 2665
c258 2984
c259 3127
c2510 2834
c2511 2834
c2512 2791
c2513 2985
c2514 2824
c2515 2945
c2516 3047
c2517 2901
c2518 3044
c2519 3370
c2520 2979
c2521 2959
c2522 2730
c2523 3197
c2524 3205
c2525 2957
c2526 2870
c2527 2639
c2528 2861
c2529 2912
c2530 2929
c2531 2894
c2532 3136
c2533 3130
c2534 2867
c2535 2626
c2536 2723
c2537 2872
c2538 2846
c2539 3054
c2540 3125
c2541 3050
c2542 3102
c2543 2834
c2544 2862
c2545 2706
c2546 2989
c2547 2853
c2548 2803
c2549 3032
c2550 2868
c2551 2983
c2552 3110
c2553 2861
c2554 3147
c2555 2679
c2556 3147
c2557 3360
c2558 2945
c2559 2999
c2560 3200
c2561 2882
c2562 2572
c2563 3073
c2564 2885
c2565 2937
c2566 3133
c2567 2986
c2568 3044
c2569 2675
c2570 2968
c2571 3069
c2572 2890
c2573 3036
c2574 2607
c2575 3062
c2576 2672
c2577 3269
c2578 2886
c2579 2982
c2580 3144
c2581 3071
c2582 3153
c2583 2912
c2584 2810
c2585 3010
c2586 2933
c2587 3171
c2588 2974
c2589 2865
c2590 3065
c2591 2994
c2592 3072
c2593 2957
c2594 3021
c2595 3095
c2596 3069
c2597 2926
c2598 3037
c2599 3134
c25100 2996
c261 3277
c262 3104
c263 3088
c264 3303
c265 3156
c266 3295
c267 2754
c268 3160
c269 3081
c2610 3046
c2611 3214
c2612 2853
c2613 3114
c2614 2840
c2615 3117
c2616 3227
c2617 3081
c2618 3131
c2619 3432
c2620 3157
c2621 3082
c2622 2951
c2623 3210
c2624 3393
c2625 3195
c2626 3189
c2627 2795
c2628 3061
c2629 3147
c2630 3046
c2631 2841
c2632 3210
c2633 3272
c2634 3105
c2635 2683
c2636 2773
c2637 2920
c2638 3089
c2639 3167
c2640 3206
c2641 3099
c2642 3134
c2643 3028
c2644 3132
c2645 3054
c2646 3006
c2647 3089
c2648 2838
c2649 3225
c2650 3016
c2651 3101
c2652 3379
c2653 2916
c2654 3269
c2655 2826
c2656 3127
c2657 3550
c2658 3126
c2659 3101
c2660 3108
c2661 2984
c2662 2798
c2663 3115
c2664 3108
c2665 3041
c2666 3247
c2667 2968
c2668 3070
c2669 2733
c2670 3033
c2671 3149
c2672 2984
c2673 3119
c2674 2925
c2675 3230
c2676 2796
c2677 3310
c2678 2930
c2679 2939
c2680 3198
c2681 2988
c2682 3204
c2683 2896
c2684 2874
c2685 3182
c2686 2937
c2687 3066
c2688 3152
c2689 3089
c2690 3258
c2691 2955
c2692 3291
c2693 2965
c2694 3138
c2695 3161
c2696 3144
c2697 3145
c2698 3164
c2699 3177
c26100 3079
8
