100 100
c771 2929
c772 3048
c773 2763
c774 2849
c775 2676
c776 2974
c777 2518
c778 2764
c779 2994
c7710 2762
c7711 2727
c7712 2569
c7713 2574
c7714 2611
c7715 2768
c7716 2756
c7717 2746
c7718 2690
c7719 2987
c7720 2910
c7721 2798
c7722 2559
c7723 2949
c7724 3161
c7725 2746
c7726 2616
c7727 2583
c7728 2734
c7729 2771
c7730 2739
c7731 2724
c7732 3006
c7733 2875
c7734 2833
c7735 2394
c7736 2570
c7737 2703
c7738 2805
c7739 2975
c7740 3065
c7741 2735
c7742 2737
c7743 2615
c7744 2771
c7745 2660
c7746 2832
c7747 2781
c7748 2584
c7749 2905
c7750 2670
c7751 2806
c7752 2910
c7753 2626
c7754 2805
c7755 2567
c7756 2784
c7757 3143
c7758 2744
c7759 2679
c7760 2908
c7761 2665
c7762 2391
c7763 2941
c7764 2732
c7765 2779
c7766 2883
c7767 2721
c7768 2926
c7769 2337
c7770 2707
c7771 2824
c7772 2594
c7773 2841
c7774 2427
c7775 2790
c7776 2542
c7777 2845
c7778 2679
c7779 2850
c7780 2879
c7781 2849
c7782 2708
c7783 2699
c7784 2498
c7785 2676
c7786 2677
c7787 2769
c7788 2958
c7789 2930
c7790 2785
c7791 2685
c7792 3075
c7793 2806
c7794 2670
c7795 2903
c7796 2886
c7797 2952
c7798 2747
c7799 2794
c77100 2745
c781 3065
c782 3123
c783 3219
c784 3104
c785 3134
c786 3194
c787 2737
c788 3116
c789 3082
c7810 3037
c7811 3093
c7812 2583
c7813 2995
c7814 2858
c7815 3103
c7816 3152
c7817 2974
c7818 3157
c7819 3257
c7820 3112
c7821 2867
c7822 2731
c7823 3160
c7824 3271
c7825 3099
c7826 2998
c7827 2993
c7828 3047
c7829 3056
c7830 3019
c7831 3044
c7832 3159
c7833 3263
c7834 2977
c7835 2750
c7836 2695
c7837 3043
c7838 2843
c7839 2949
c7840 3152
c7841 3152
c7842 2917
c7843 2813
c7844 2969
c7845 2833
c7846 3010
c7847 2835
c7848 2883
c7849 3118
c7850 2811
c7851 3036
c7852 3287
c7853 2930
c7854 3193
c7855 2788
c7856 2838
c7857 3361
c7858 2879
c7859 3004
c7860 3049
c7861 2829
c7862 2694
c7863 3094
c7864 3012
c7865 2943
c7866 3106
c7867 2897
c7868 3072
c7869 2659
c7870 2860
c7871 3026
c7872 2973
c7873 2983
c7874 2756
c7875 3189
c7876 2810
c7877 3310
c7878 2747
c7879 3037
c7880 2998
c7881 2964
c7882 3114
c7883 2879
c7884 2876
c7885 3002
c7886 2825
c7887 3077
c7888 3031
c7889 3002
c7890 3088
c7891 2818
c7892 3140
c7893 3008
c7894 3069
c7895 3162
c7896 3131
c7897 3123
c7898 3014
c7899 3099
c78100 3080
9
