100 100
c991 2445
c992 2797
c993 2633
c994 2646
c995 2747
c996 2640
c997 2351
c998 2666
c999 2598
c9910 2645
c9911 2541
c9912 2383
c9913 2525
c9914 2581
c9915 2639
c9916 2608
c9917 2451
c9918 2717
c9919 2842
c9920 2708
c9921 2609
c9922 2314
c9923 2687
c9924 2735
c9925 2609
c9926 2633
c9927 2498
c9928 2687
c9929 2599
c9930 2573
c9931 2578
c9932 2628
c9933 2687
c9934 2573
c9935 2416
c9936 2207
c9937 2563
c9938 2408
c9939 2640
c9940 2800
c9941 2773
c9942 2502
c9943 2524
c9944 2570
c9945 2184
c9946 2597
c9947 2443
c9948 2379
c9949 2732
c9950 2459
c9951 2616
c9952 2798
c9953 2543
c9954 2697
c9955 2266
c9956 2619
c9957 2871
c9958 2513
c9959 2542
c9960 2731
c9961 2514
c9962 2385
c9963 2719
c9964 2559
c9965 2494
c9966 2471
c9967 2477
c9968 2830
c9969 2351
c9970 2575
c9971 2582
c9972 2545
c9973 2551
c9974 2506
c9975 2783
c9976 2477
c9977 2809
c9978 2548
c9979 2612
c9980 2742
c9981 2656
c9982 2536
c9983 2534
c9984 2515
c9985 2719
c9986 2412
c9987 2766
c9988 2537
c9989 2494
c9990 2629
c9991 2418
c9992 2676
c9993 2617
c9994 2616
c9995 2765
c9996 2629
c9997 2614
c9998 2601
c9999 2831
c99100 2488
c1001 2969
c1002 3124
c1003 2796
c1004 3084
c1005 2862
c1006 3033
c1007 2710
c1008 2950
c1009 2953
c10010 3041
c10011 2970
c10012 2866
c10013 2926
c10014 2765
c10015 3026
c10016 3069
c10017 2793
c10018 3077
c10019 3190
c10020 2977
c10021 2959
c10022 2604
c10023 2967
c10024 3173
c10025 3100
c10026 3022
c10027 2657
c10028 2916
c10029 2867
c10030 2761
c10031 2754
c10032 3160
c10033 2986
c10034 2964
c10035 2532
c10036 2622
c10037 2851
c10038 2800
c10039 2932
c10040 3053
c10041 2994
c10042 2926
c10043 2841
c10044 2858
c10045 2796
c10046 2902
c10047 2893
c10048 2641
c10049 3111
c10050 2778
c10051 2919
c10052 3198
c10053 2710
c10054 3055
c10055 2691
c10056 3008
c10057 3251
c10058 2992
c10059 2946
c10060 2914
c10061 2844
c10062 2729
c10063 2888
c10064 2958
c10065 3011
c10066 3008
c10067 2846
c10068 2900
c10069 2557
c10070 2865
c10071 3049
c10072 2824
c10073 2890
c10074 2718
c10075 2948
c10076 2744
c10077 3168
c10078 2846
c10079 2848
c10080 2974
c10081 2811
c10082 2844
c10083 2874
c10084 2781
c10085 2808
c10086 2847
c10087 3024
c10088 3002
c10089 2774
c10090 3021
c10091 2870
c10092 2994
c10093 2830
c10094 3072
c10095 3053
c10096 3006
c10097 3115
c10098 3042
c10099 3227
c100100 2779
12
