100 100
c231 3195
c232 3252
c233 3022
c234 3137
c235 3070
c236 3293
c237 2839
c238 3226
c239 3270
c2310 3212
c2311 3074
c2312 3043
c2313 3135
c2314 2965
c2315 3312
c2316 3207
c2317 3128
c2318 3250
c2319 3478
c2320 3283
c2321 2947
c2322 2940
c2323 3187
c2324 3388
c2325 3245
c2326 3125
c2327 2912
c2328 3123
c2329 3146
c2330 3281
c2331 3166
c2332 3287
c2333 3344
c2334 3173
c2335 2757
c2336 2777
c2337 2995
c2338 3075
c2339 3392
c2340 3347
c2341 3230
c2342 3146
c2343 2840
c2344 3159
c2345 2837
c2346 3277
c2347 3109
c2348 2996
c2349 3248
c2350 2882
c2351 3066
c2352 3353
c2353 2950
c2354 3427
c2355 2856
c2356 3269
c2357 3735
c2358 3154
c2359 3118
c2360 3276
c2361 2873
c2362 2824
c2363 3273
c2364 3260
c2365 3038
c2366 3200
c2367 2963
c2368 3235
c2369 2815
c2370 3084
c2371 3224
c2372 2986
c2373 3199
c2374 2929
c2375 3316
c2376 2842
c2377 3368
c2378 2983
c2379 3090
c2380 3291
c2381 3291
c2382 3262
c2383 3249
c2384 2921
c2385 3200
c2386 2959
c2387 3410
c2388 3085
c2389 3128
c2390 3237
c2391 3101
c2392 3267
c2393 3022
c2394 3180
c2395 3354
c2396 3171
c2397 3110
c2398 3209
c2399 3326
c23100 3066
c241 3218
c242 3247
c243 3264
c244 3245
c245 3157
c246 3237
c247 2841
c248 3222
c249 3370
c2410 3131
c2411 3297
c2412 3134
c2413 3078
c2414 3012
c2415 3186
c2416 3194
c2417 3163
c2418 3076
c2419 3346
c2420 3280
c2421 2962
c2422 2887
c2423 3174
c2424 3457
c2425 3208
c2426 3064
c2427 2793
c2428 3105
c2429 3123
c2430 3177
c2431 3100
c2432 3142
c2433 3362
c2434 3102
c2435 2797
c2436 2773
c2437 3050
c2438 3126
c2439 3245
c2440 3463
c2441 3387
c2442 3115
c2443 3095
c2444 3209
c2445 3017
c2446 3275
c2447 3004
c2448 2902
c2449 3288
c2450 3012
c2451 3159
c2452 3527
c2453 3097
c2454 3359
c2455 2788
c2456 3039
c2457 3443
c2458 3278
c2459 3194
c2460 3211
c2461 3012
c2462 2781
c2463 3319
c2464 3193
c2465 3086
c2466 3338
c2467 3012
c2468 3236
c2469 2727
c2470 3126
c2471 3292
c2472 3110
c2473 3142
c2474 2727
c2475 3180
c2476 2998
c2477 3296
c2478 2975
c2479 3097
c2480 3219
c2481 3170
c2482 3101
c2483 3189
c2484 3020
c2485 3248
c2486 3066
c2487 3222
c2488 3029
c2489 3088
c2490 3087
c2491 3081
c2492 3250
c2493 3092
c2494 3380
c2495 3316
c2496 3366
c2497 3327
c2498 3188
c2499 3205
c24100 3064
8
