100 100
c971 3175
c972 3122
c973 3108
c974 3301
c975 2813
c976 3073
c977 2742
c978 3106
c979 3070
c9710 3015
c9711 2983
c9712 2925
c9713 2980
c9714 2613
c9715 3072
c9716 3081
c9717 2992
c9718 3232
c9719 3288
c9720 3278
c9721 2918
c9722 2787
c9723 3192
c9724 3264
c9725 3042
c9726 3074
c9727 2662
c9728 3068
c9729 2846
c9730 2982
c9731 2864
c9732 3129
c9733 3144
c9734 3026
c9735 2652
c9736 2731
c9737 2785
c9738 2826
c9739 3215
c9740 3189
c9741 2966
c9742 3004
c9743 2996
c9744 3072
c9745 2862
c9746 3151
c9747 2871
c9748 2923
c9749 3061
c9750 2910
c9751 3109
c9752 3149
c9753 2848
c9754 2954
c9755 2819
c9756 3094
c9757 3203
c9758 3191
c9759 2969
c9760 3050
c9761 2901
c9762 2704
c9763 2989
c9764 2879
c9765 3050
c9766 3010
c9767 3129
c9768 3179
c9769 2596
c9770 2938
c9771 3195
c9772 2976
c9773 3179
c9774 2825
c9775 3094
c9776 2899
c9777 3385
c9778 2943
c9779 3166
c9780 3281
c9781 2928
c9782 3057
c9783 2943
c9784 2839
c9785 3143
c9786 2905
c9787 3149
c9788 3017
c9789 2976
c9790 3019
c9791 2975
c9792 3124
c9793 2880
c9794 3241
c9795 3239
c9796 3116
c9797 2963
c9798 3037
c9799 3121
c97100 3031
c981 3195
c982 3265
c983 3128
c984 3026
c985 2830
c986 3137
c987 2696
c988 3154
c989 3093
c9810 3139
c9811 3036
c9812 2833
c9813 3072
c9814 2929
c9815 3183
c9816 3026
c9817 2958
c9818 3103
c9819 3277
c9820 3126
c9821 2909
c9822 2645
c9823 3288
c9824 3300
c9825 3185
c9826 2850
c9827 2754
c9828 2956
c9829 3040
c9830 3016
c9831 3050
c9832 3224
c9833 3231
c9834 3092
c9835 2640
c9836 2766
c9837 3005
c9838 2955
c9839 3080
c9840 3194
c9841 3148
c9842 3036
c9843 3096
c9844 2988
c9845 2913
c9846 3010
c9847 2931
c9848 2810
c9849 3091
c9850 3126
c9851 3223
c9852 3265
c9853 3020
c9854 3092
c9855 2831
c9856 3032
c9857 3464
c9858 3036
c9859 3006
c9860 2999
c9861 2981
c9862 2658
c9863 3132
c9864 3099
c9865 2941
c9866 3110
c9867 3092
c9868 3215
c9869 2586
c9870 2935
c9871 3182
c9872 2762
c9873 3176
c9874 2713
c9875 3049
c9876 2852
c9877 3207
c9878 3036
c9879 3211
c9880 3241
c9881 3159
c9882 3166
c9883 2900
c9884 2994
c9885 3029
c9886 2890
c9887 2975
c9888 3063
c9889 3004
c9890 3118
c9891 3007
c9892 3341
c9893 3099
c9894 3304
c9895 3158
c9896 3129
c9897 3125
c9898 3136
c9899 3235
c98100 3056
12
