100 100
c571 3083
c572 3134
c573 2973
c574 3010
c575 3071
c576 3243
c577 2720
c578 3244
c579 3219
c5710 2937
c5711 3153
c5712 2934
c5713 2956
c5714 2836
c5715 3097
c5716 3060
c5717 2964
c5718 3155
c5719 3339
c5720 3255
c5721 2930
c5722 2817
c5723 3211
c5724 3261
c5725 3224
c5726 2939
c5727 2865
c5728 3035
c5729 3039
c5730 3133
c5731 2941
c5732 3178
c5733 3222
c5734 3176
c5735 2732
c5736 2656
c5737 2982
c5738 2977
c5739 3236
c5740 3200
c5741 3203
c5742 3089
c5743 2985
c5744 2943
c5745 2772
c5746 3230
c5747 2840
c5748 2837
c5749 3113
c5750 2877
c5751 3121
c5752 3292
c5753 3026
c5754 3218
c5755 2859
c5756 2950
c5757 3443
c5758 2964
c5759 3071
c5760 3130
c5761 2722
c5762 2667
c5763 2989
c5764 3256
c5765 2967
c5766 3141
c5767 2915
c5768 3149
c5769 2719
c5770 3169
c5771 2959
c5772 2843
c5773 3142
c5774 2796
c5775 3058
c5776 2689
c5777 3221
c5778 2734
c5779 3063
c5780 3276
c5781 3086
c5782 3150
c5783 2963
c5784 2953
c5785 3073
c5786 2978
c5787 3199
c5788 3059
c5789 2978
c5790 3116
c5791 2859
c5792 3377
c5793 2992
c5794 3135
c5795 3222
c5796 3143
c5797 3063
c5798 3294
c5799 3053
c57100 2912
c581 2912
c582 2982
c583 2752
c584 2904
c585 2686
c586 2820
c587 2564
c588 2928
c589 2861
c5810 2570
c5811 2893
c5812 2741
c5813 2710
c5814 2567
c5815 2727
c5816 2797
c5817 2737
c5818 2845
c5819 3136
c5820 2944
c5821 2769
c5822 2488
c5823 2836
c5824 3031
c5825 2915
c5826 2821
c5827 2534
c5828 2749
c5829 2793
c5830 2827
c5831 2766
c5832 2927
c5833 2894
c5834 2829
c5835 2520
c5836 2437
c5837 2721
c5838 2676
c5839 2930
c5840 3104
c5841 2786
c5842 2812
c5843 2746
c5844 2914
c5845 2700
c5846 2792
c5847 2594
c5848 2636
c5849 2932
c5850 2712
c5851 2917
c5852 3069
c5853 2730
c5854 2941
c5855 2575
c5856 2668
c5857 3004
c5858 2906
c5859 2815
c5860 2883
c5861 2556
c5862 2559
c5863 2810
c5864 2796
c5865 2732
c5866 2870
c5867 2681
c5868 2892
c5869 2358
c5870 2676
c5871 2897
c5872 2564
c5873 2750
c5874 2556
c5875 2907
c5876 2603
c5877 3001
c5878 2711
c5879 2711
c5880 2929
c5881 2873
c5882 2823
c5883 2751
c5884 2626
c5885 2749
c5886 2669
c5887 2868
c5888 2773
c5889 2778
c5890 2996
c5891 2687
c5892 2914
c5893 2778
c5894 2961
c5895 3071
c5896 2881
c5897 2831
c5898 2874
c5899 2880
c58100 2709
8
