100 100
c951 2805
c952 2980
c953 2888
c954 2902
c955 2844
c956 2889
c957 2425
c958 2859
c959 2878
c9510 2737
c9511 2825
c9512 2526
c9513 2889
c9514 2609
c9515 2861
c9516 2870
c9517 2780
c9518 3045
c9519 3031
c9520 2950
c9521 2784
c9522 2507
c9523 2972
c9524 2962
c9525 2909
c9526 2779
c9527 2632
c9528 2763
c9529 2841
c9530 2785
c9531 2779
c9532 2927
c9533 2913
c9534 2917
c9535 2497
c9536 2536
c9537 2716
c9538 2687
c9539 2844
c9540 2944
c9541 2972
c9542 2817
c9543 2743
c9544 2766
c9545 2644
c9546 2918
c9547 2712
c9548 2710
c9549 2826
c9550 2639
c9551 3042
c9552 2854
c9553 2929
c9554 2907
c9555 2605
c9556 2945
c9557 3132
c9558 2651
c9559 2814
c9560 2951
c9561 2762
c9562 2618
c9563 2824
c9564 2759
c9565 2832
c9566 2766
c9567 2747
c9568 2975
c9569 2459
c9570 2986
c9571 2879
c9572 2739
c9573 2844
c9574 2626
c9575 2910
c9576 2570
c9577 3032
c9578 2816
c9579 2948
c9580 2729
c9581 2965
c9582 2901
c9583 2594
c9584 2733
c9585 2912
c9586 2776
c9587 2926
c9588 2863
c9589 2827
c9590 2867
c9591 2722
c9592 3003
c9593 2857
c9594 3032
c9595 2970
c9596 2899
c9597 2807
c9598 3003
c9599 2916
c95100 2795
c961 3039
c962 3161
c963 3034
c964 3076
c965 2920
c966 3209
c967 2646
c968 3105
c969 3092
c9610 2927
c9611 3054
c9612 2980
c9613 3042
c9614 2961
c9615 3048
c9616 3241
c9617 2959
c9618 3077
c9619 3287
c9620 3079
c9621 2906
c9622 2751
c9623 3235
c9624 3251
c9625 3122
c9626 2971
c9627 2632
c9628 3043
c9629 3067
c9630 2842
c9631 2967
c9632 3174
c9633 3154
c9634 2901
c9635 2622
c9636 2793
c9637 3110
c9638 2926
c9639 3190
c9640 3259
c9641 3079
c9642 3036
c9643 3064
c9644 2922
c9645 2766
c9646 3091
c9647 2844
c9648 2901
c9649 3088
c9650 2940
c9651 3268
c9652 3171
c9653 2987
c9654 3127
c9655 2722
c9656 3221
c9657 3350
c9658 3098
c9659 3016
c9660 2878
c9661 3012
c9662 2675
c9663 3169
c9664 2966
c9665 2928
c9666 3138
c9667 3045
c9668 3052
c9669 2694
c9670 3049
c9671 3197
c9672 3073
c9673 3256
c9674 2799
c9675 3138
c9676 2790
c9677 3293
c9678 3005
c9679 3058
c9680 3268
c9681 3119
c9682 3143
c9683 2869
c9684 2955
c9685 3048
c9686 2779
c9687 3231
c9688 3224
c9689 2968
c9690 3275
c9691 2854
c9692 3161
c9693 2836
c9694 3191
c9695 3277
c9696 3128
c9697 3027
c9698 3110
c9699 3235
c96100 3039
12
