100 100
c611 2855
c612 2881
c613 2716
c614 2668
c615 2717
c616 2864
c617 2388
c618 2787
c619 2636
c6110 2718
c6111 2610
c6112 2680
c6113 2619
c6114 2492
c6115 2835
c6116 2850
c6117 2664
c6118 2844
c6119 2879
c6120 2784
c6121 2548
c6122 2561
c6123 2920
c6124 3018
c6125 2864
c6126 2746
c6127 2498
c6128 2879
c6129 2697
c6130 2844
c6131 2571
c6132 2948
c6133 2773
c6134 2799
c6135 2464
c6136 2427
c6137 2742
c6138 2621
c6139 2903
c6140 2924
c6141 2839
c6142 2802
c6143 2619
c6144 2756
c6145 2651
c6146 2709
c6147 2682
c6148 2538
c6149 2884
c6150 2672
c6151 2677
c6152 3006
c6153 2675
c6154 2709
c6155 2611
c6156 3017
c6157 3220
c6158 2774
c6159 2617
c6160 2656
c6161 2622
c6162 2408
c6163 2863
c6164 2813
c6165 2791
c6166 2864
c6167 2690
c6168 2796
c6169 2461
c6170 2719
c6171 2811
c6172 2781
c6173 2792
c6174 2451
c6175 2892
c6176 2560
c6177 2830
c6178 2529
c6179 2882
c6180 2895
c6181 2878
c6182 2787
c6183 2826
c6184 2526
c6185 2943
c6186 2682
c6187 2600
c6188 2713
c6189 2885
c6190 2902
c6191 2780
c6192 2933
c6193 2657
c6194 2775
c6195 3069
c6196 2829
c6197 2650
c6198 2848
c6199 2853
c61100 2809
c621 3500
c622 3219
c623 3245
c624 3296
c625 3134
c626 3313
c627 2831
c628 3356
c629 3339
c6210 3240
c6211 3279
c6212 2974
c6213 3299
c6214 3049
c6215 3272
c6216 3246
c6217 3052
c6218 3238
c6219 3533
c6220 3140
c6221 3022
c6222 2874
c6223 3386
c6224 3343
c6225 3353
c6226 3119
c6227 2809
c6228 3040
c6229 3038
c6230 3100
c6231 3169
c6232 3457
c6233 3394
c6234 3137
c6235 2838
c6236 2818
c6237 3137
c6238 3113
c6239 3328
c6240 3312
c6241 3364
c6242 3082
c6243 3173
c6244 3205
c6245 3100
c6246 3286
c6247 3141
c6248 2964
c6249 3335
c6250 3156
c6251 3360
c6252 3431
c6253 3045
c6254 3339
c6255 3044
c6256 3315
c6257 3556
c6258 2991
c6259 3069
c6260 3490
c6261 3055
c6262 2863
c6263 3311
c6264 3226
c6265 3262
c6266 3360
c6267 3132
c6268 3244
c6269 2835
c6270 3273
c6271 3404
c6272 3209
c6273 3417
c6274 2889
c6275 3164
c6276 3019
c6277 3389
c6278 3153
c6279 3205
c6280 3470
c6281 3254
c6282 3345
c6283 3084
c6284 2977
c6285 3195
c6286 3184
c6287 3384
c6288 3132
c6289 3217
c6290 3258
c6291 3150
c6292 3325
c6293 3103
c6294 3211
c6295 3384
c6296 3262
c6297 3364
c6298 3329
c6299 3498
c62100 3301
8
