100 100
c531 3036
c532 3255
c533 3086
c534 3004
c535 3029
c536 3088
c537 2677
c538 3091
c539 3144
c5310 2948
c5311 2991
c5312 2848
c5313 3124
c5314 2819
c5315 3084
c5316 3106
c5317 2933
c5318 3036
c5319 3224
c5320 3050
c5321 2985
c5322 2720
c5323 3016
c5324 3069
c5325 3170
c5326 2810
c5327 2703
c5328 3082
c5329 3007
c5330 2923
c5331 2972
c5332 3045
c5333 3021
c5334 3009
c5335 2647
c5336 2788
c5337 2853
c5338 2895
c5339 3091
c5340 3131
c5341 3061
c5342 3105
c5343 3053
c5344 2930
c5345 2872
c5346 3031
c5347 2832
c5348 2896
c5349 3044
c5350 2835
c5351 3196
c5352 3258
c5353 2794
c5354 3006
c5355 2757
c5356 3229
c5357 3232
c5358 2895
c5359 2849
c5360 3048
c5361 2693
c5362 2649
c5363 3175
c5364 3074
c5365 3085
c5366 2948
c5367 2945
c5368 3039
c5369 2573
c5370 2980
c5371 2979
c5372 2898
c5373 3035
c5374 2743
c5375 3134
c5376 2705
c5377 3129
c5378 2916
c5379 3066
c5380 3026
c5381 3135
c5382 2975
c5383 2924
c5384 2794
c5385 3054
c5386 2976
c5387 3111
c5388 3113
c5389 3072
c5390 3095
c5391 2908
c5392 3163
c5393 2965
c5394 3118
c5395 3054
c5396 3073
c5397 3103
c5398 3244
c5399 3073
c53100 3023
c541 3093
c542 3140
c543 2939
c544 3009
c545 2914
c546 2940
c547 2629
c548 3148
c549 3152
c5410 2881
c5411 3017
c5412 2820
c5413 2930
c5414 2674
c5415 2979
c5416 2968
c5417 2991
c5418 2904
c5419 3111
c5420 2938
c5421 2853
c5422 2565
c5423 2988
c5424 3096
c5425 3121
c5426 2790
c5427 2532
c5428 2967
c5429 2886
c5430 3010
c5431 2882
c5432 2925
c5433 3043
c5434 2792
c5435 2571
c5436 2572
c5437 2830
c5438 2861
c5439 3071
c5440 3112
c5441 3121
c5442 2939
c5443 2938
c5444 3057
c5445 2828
c5446 2970
c5447 2828
c5448 2752
c5449 3020
c5450 2829
c5451 3003
c5452 3211
c5453 3029
c5454 3104
c5455 2777
c5456 2930
c5457 3108
c5458 2897
c5459 2934
c5460 3077
c5461 2797
c5462 2581
c5463 2886
c5464 3107
c5465 2883
c5466 2985
c5467 2780
c5468 3022
c5469 2498
c5470 2875
c5471 3101
c5472 2630
c5473 2812
c5474 2509
c5475 2956
c5476 2651
c5477 3069
c5478 2798
c5479 2882
c5480 2951
c5481 3010
c5482 2998
c5483 2851
c5484 2886
c5485 2934
c5486 2881
c5487 3118
c5488 2901
c5489 2854
c5490 3004
c5491 3036
c5492 3114
c5493 2970
c5494 3117
c5495 3174
c5496 3026
c5497 2934
c5498 3087
c5499 2977
c54100 2750
8
