100 100
c631 3065
c632 3178
c633 3005
c634 3058
c635 2996
c636 3024
c637 2649
c638 3083
c639 2994
c6310 2927
c6311 2946
c6312 2804
c6313 2869
c6314 2861
c6315 3024
c6316 3042
c6317 3006
c6318 3087
c6319 3343
c6320 3096
c6321 2919
c6322 2709
c6323 3153
c6324 3224
c6325 3079
c6326 2962
c6327 2824
c6328 2961
c6329 2985
c6330 2998
c6331 2910
c6332 3134
c6333 3088
c6334 3017
c6335 2580
c6336 2724
c6337 2922
c6338 2948
c6339 3282
c6340 3147
c6341 2999
c6342 2968
c6343 2943
c6344 2857
c6345 2870
c6346 2867
c6347 2898
c6348 2897
c6349 3052
c6350 2960
c6351 2947
c6352 3214
c6353 2931
c6354 3270
c6355 2721
c6356 3102
c6357 3458
c6358 2983
c6359 2933
c6360 3158
c6361 2662
c6362 2597
c6363 3080
c6364 3042
c6365 2915
c6366 3034
c6367 3101
c6368 2933
c6369 2573
c6370 3020
c6371 2964
c6372 2843
c6373 2829
c6374 2855
c6375 3126
c6376 2775
c6377 3213
c6378 2677
c6379 3029
c6380 3136
c6381 3006
c6382 3090
c6383 2886
c6384 2707
c6385 3062
c6386 2926
c6387 3000
c6388 3079
c6389 3015
c6390 3202
c6391 2958
c6392 3069
c6393 3058
c6394 3048
c6395 3265
c6396 2983
c6397 2887
c6398 3024
c6399 3041
c63100 2996
c641 3318
c642 3334
c643 3189
c644 3358
c645 3142
c646 3247
c647 2932
c648 3140
c649 3220
c6410 3160
c6411 3195
c6412 2898
c6413 3221
c6414 3004
c6415 3289
c6416 3283
c6417 3109
c6418 3361
c6419 3349
c6420 3259
c6421 3145
c6422 2922
c6423 3221
c6424 3391
c6425 3185
c6426 3149
c6427 2793
c6428 3098
c6429 3081
c6430 3224
c6431 2919
c6432 3133
c6433 3295
c6434 3081
c6435 2780
c6436 2862
c6437 3063
c6438 3100
c6439 3246
c6440 3487
c6441 3350
c6442 3178
c6443 2993
c6444 3156
c6445 2963
c6446 3331
c6447 2996
c6448 2889
c6449 3177
c6450 3087
c6451 3375
c6452 3301
c6453 3205
c6454 3229
c6455 3094
c6456 3240
c6457 3558
c6458 3131
c6459 3217
c6460 3294
c6461 3134
c6462 2819
c6463 3232
c6464 3231
c6465 3135
c6466 3187
c6467 2964
c6468 3394
c6469 2814
c6470 3114
c6471 3371
c6472 3112
c6473 3154
c6474 2808
c6475 3187
c6476 3032
c6477 3324
c6478 3003
c6479 3186
c6480 3288
c6481 3174
c6482 3114
c6483 3163
c6484 2942
c6485 3138
c6486 3071
c6487 3439
c6488 3226
c6489 3225
c6490 3281
c6491 3028
c6492 3424
c6493 3073
c6494 3394
c6495 3438
c6496 3290
c6497 3315
c6498 3278
c6499 3290
c64100 3040
8
