100 100
c471 3022
c472 3266
c473 3021
c474 3123
c475 3063
c476 3122
c477 2788
c478 3151
c479 2904
c4710 3117
c4711 2985
c4712 2823
c4713 2964
c4714 2922
c4715 3176
c4716 3092
c4717 2908
c4718 3203
c4719 3189
c4720 3109
c4721 2908
c4722 2683
c4723 3192
c4724 3309
c4725 3171
c4726 2972
c4727 2752
c4728 3005
c4729 2929
c4730 2936
c4731 2866
c4732 3142
c4733 3129
c4734 3049
c4735 2717
c4736 2557
c4737 2907
c4738 3018
c4739 3118
c4740 3054
c4741 3094
c4742 3077
c4743 2970
c4744 3168
c4745 2839
c4746 3155
c4747 2974
c4748 2785
c4749 3245
c4750 3027
c4751 3049
c4752 3191
c4753 2910
c4754 3266
c4755 2785
c4756 3065
c4757 3315
c4758 3006
c4759 3014
c4760 3105
c4761 2828
c4762 2570
c4763 3155
c4764 3100
c4765 2923
c4766 3192
c4767 2900
c4768 3148
c4769 2661
c4770 3146
c4771 3177
c4772 2968
c4773 2985
c4774 2859
c4775 3125
c4776 2794
c4777 3121
c4778 2831
c4779 3020
c4780 3163
c4781 2994
c4782 2986
c4783 2997
c4784 2987
c4785 3164
c4786 3062
c4787 3191
c4788 2970
c4789 2938
c4790 3049
c4791 3028
c4792 3344
c4793 3006
c4794 3107
c4795 3188
c4796 3174
c4797 3164
c4798 3052
c4799 3272
c47100 2917
c481 3156
c482 3214
c483 3169
c484 3200
c485 3169
c486 3162
c487 2641
c488 2983
c489 3172
c4810 3126
c4811 3228
c4812 2983
c4813 3165
c4814 3052
c4815 3078
c4816 3128
c4817 2955
c4818 3307
c4819 3414
c4820 3221
c4821 2994
c4822 2980
c4823 3271
c4824 3381
c4825 3202
c4826 3133
c4827 2936
c4828 3082
c4829 3170
c4830 3136
c4831 3105
c4832 3382
c4833 3208
c4834 3224
c4835 2776
c4836 2782
c4837 2978
c4838 3102
c4839 3375
c4840 3304
c4841 3037
c4842 3102
c4843 3001
c4844 3138
c4845 3049
c4846 3028
c4847 3103
c4848 2883
c4849 3367
c4850 3000
c4851 3177
c4852 3205
c4853 3079
c4854 3087
c4855 3001
c4856 3100
c4857 3418
c4858 3017
c4859 3060
c4860 2952
c4861 2817
c4862 2857
c4863 3188
c4864 3019
c4865 3170
c4866 3217
c4867 3148
c4868 3249
c4869 2852
c4870 3155
c4871 3222
c4872 2991
c4873 3202
c4874 2919
c4875 3257
c4876 2744
c4877 3295
c4878 3010
c4879 3092
c4880 3286
c4881 3086
c4882 3110
c4883 2863
c4884 2953
c4885 3075
c4886 3012
c4887 3089
c4888 3128
c4889 3138
c4890 3209
c4891 2963
c4892 3239
c4893 3080
c4894 3025
c4895 3155
c4896 3057
c4897 3194
c4898 3055
c4899 3279
c48100 3254
3
