100 100
c11 2971
c12 2924
c13 2924
c14 3094
c15 2877
c16 2840
c17 2539
c18 2899
c19 2925
c110 2985
c111 2922
c112 2670
c113 2808
c114 2563
c115 2935
c116 2827
c117 2814
c118 3019
c119 3427
c120 3078
c121 2823
c122 2569
c123 3066
c124 3227
c125 2896
c126 2813
c127 2774
c128 2692
c129 2761
c130 2863
c131 2884
c132 3062
c133 2982
c134 2950
c135 2615
c136 2708
c137 2848
c138 2732
c139 2958
c140 3057
c141 2812
c142 2883
c143 2557
c144 2968
c145 2562
c146 2948
c147 2821
c148 2683
c149 3078
c150 2630
c151 2760
c152 2996
c153 2574
c154 2972
c155 2739
c156 2731
c157 3233
c158 2740
c159 2782
c160 2929
c161 2619
c162 2558
c163 2984
c164 2927
c165 2801
c166 2935
c167 2803
c168 2938
c169 2525
c170 2642
c171 2950
c172 2792
c173 2987
c174 2630
c175 2865
c176 2546
c177 3210
c178 2608
c179 2887
c180 2962
c181 2921
c182 2863
c183 2760
c184 2738
c185 2955
c186 2689
c187 2988
c188 3047
c189 2854
c190 2802
c191 2706
c192 3043
c193 2828
c194 2849
c195 2859
c196 2931
c197 3048
c198 2727
c199 3089
c1100 2881
c21 3101
c22 3341
c23 3237
c24 3190
c25 3009
c26 3086
c27 2709
c28 3322
c29 3195
c210 3071
c211 3164
c212 2955
c213 3135
c214 2929
c215 3178
c216 3115
c217 3073
c218 3179
c219 3348
c220 3149
c221 3000
c222 2714
c223 3272
c224 3205
c225 3228
c226 3013
c227 2955
c228 3191
c229 3166
c230 3087
c231 3187
c232 3124
c233 3239
c234 3100
c235 2782
c236 2726
c237 2923
c238 2976
c239 3247
c240 3152
c241 3217
c242 3025
c243 3034
c244 3102
c245 3010
c246 3189
c247 2881
c248 2942
c249 3138
c250 2874
c251 3289
c252 3323
c253 3030
c254 3295
c255 2829
c256 3082
c257 3265
c258 2970
c259 2950
c260 3128
c261 2984
c262 2746
c263 3146
c264 3145
c265 3073
c266 3186
c267 3118
c268 3203
c269 2733
c270 3200
c271 3156
c272 3006
c273 3128
c274 2863
c275 3229
c276 2880
c277 3304
c278 3044
c279 3134
c280 3228
c281 3172
c282 3144
c283 3027
c284 3070
c285 3254
c286 3084
c287 3238
c288 3174
c289 3238
c290 3169
c291 3074
c292 3098
c293 3049
c294 3112
c295 3266
c296 3339
c297 2950
c298 3240
c299 3264
c2100 3121
9
