100 100
c391 3123
c392 3239
c393 2971
c394 3002
c395 2821
c396 3161
c397 2739
c398 2986
c399 3180
c3910 2884
c3911 2862
c3912 2772
c3913 2883
c3914 2735
c3915 2989
c3916 2971
c3917 3021
c3918 2938
c3919 3180
c3920 3091
c3921 2599
c3922 2737
c3923 3192
c3924 3200
c3925 3101
c3926 2878
c3927 2755
c3928 2939
c3929 2902
c3930 2996
c3931 2931
c3932 2990
c3933 3046
c3934 2947
c3935 2693
c3936 2743
c3937 2900
c3938 2780
c3939 3192
c3940 3007
c3941 3072
c3942 3048
c3943 2800
c3944 2925
c3945 2806
c3946 2942
c3947 2819
c3948 2812
c3949 3066
c3950 2707
c3951 2999
c3952 3030
c3953 2849
c3954 3010
c3955 2602
c3956 2865
c3957 3324
c3958 2948
c3959 2902
c3960 2973
c3961 2703
c3962 2657
c3963 2985
c3964 2985
c3965 2932
c3966 3102
c3967 2915
c3968 2870
c3969 2461
c3970 2895
c3971 3013
c3972 2891
c3973 2972
c3974 2680
c3975 2943
c3976 2774
c3977 3154
c3978 2697
c3979 2910
c3980 2961
c3981 3059
c3982 3074
c3983 2846
c3984 2779
c3985 2853
c3986 2842
c3987 3085
c3988 3083
c3989 3052
c3990 2876
c3991 2917
c3992 3089
c3993 2907
c3994 2890
c3995 2967
c3996 3162
c3997 2973
c3998 3028
c3999 3129
c39100 3074
c401 2919
c402 2897
c403 2749
c404 2870
c405 2782
c406 2956
c407 2440
c408 3043
c409 2963
c4010 2856
c4011 2797
c4012 2687
c4013 2900
c4014 2693
c4015 2851
c4016 2797
c4017 2800
c4018 3131
c4019 3198
c4020 2949
c4021 2802
c4022 2655
c4023 3112
c4024 3187
c4025 3024
c4026 2778
c4027 2698
c4028 2878
c4029 2716
c4030 2854
c4031 2839
c4032 3055
c4033 2921
c4034 2930
c4035 2429
c4036 2754
c4037 2834
c4038 2854
c4039 2991
c4040 3118
c4041 2894
c4042 2751
c4043 2588
c4044 2816
c4045 2640
c4046 2852
c4047 2776
c4048 2640
c4049 2962
c4050 2780
c4051 2983
c4052 3044
c4053 2803
c4054 3078
c4055 2850
c4056 2871
c4057 3345
c4058 2853
c4059 2790
c4060 2747
c4061 2832
c4062 2468
c4063 2972
c4064 2934
c4065 2867
c4066 2935
c4067 2617
c4068 3122
c4069 2600
c4070 2887
c4071 2991
c4072 2814
c4073 2999
c4074 2633
c4075 2836
c4076 2607
c4077 2827
c4078 2792
c4079 2852
c4080 2910
c4081 2899
c4082 2849
c4083 2861
c4084 2672
c4085 2924
c4086 2823
c4087 2783
c4088 2819
c4089 2938
c4090 2914
c4091 2810
c4092 3055
c4093 2760
c4094 2861
c4095 3104
c4096 3019
c4097 2980
c4098 3044
c4099 2993
c40100 2728
8
