100 100
c111 2947
c112 3057
c113 3066
c114 2989
c115 2920
c116 2994
c117 2670
c118 2881
c119 2909
c1110 3026
c1111 3054
c1112 2828
c1113 2822
c1114 2791
c1115 2833
c1116 2919
c1117 2866
c1118 3276
c1119 3295
c1120 2927
c1121 2759
c1122 2641
c1123 3095
c1124 3253
c1125 3143
c1126 2719
c1127 2791
c1128 2883
c1129 2907
c1130 2958
c1131 2962
c1132 3040
c1133 3066
c1134 2981
c1135 2523
c1136 2785
c1137 2930
c1138 2657
c1139 2893
c1140 3146
c1141 2970
c1142 2951
c1143 2749
c1144 2930
c1145 2931
c1146 2828
c1147 2807
c1148 2642
c1149 3113
c1150 2746
c1151 2939
c1152 3259
c1153 2788
c1154 3082
c1155 2842
c1156 3054
c1157 3303
c1158 2951
c1159 3044
c1160 2896
c1161 2905
c1162 2703
c1163 3112
c1164 2928
c1165 2931
c1166 2982
c1167 2885
c1168 2990
c1169 2603
c1170 2951
c1171 2971
c1172 2811
c1173 2921
c1174 2767
c1175 3150
c1176 2654
c1177 3027
c1178 2901
c1179 2888
c1180 2971
c1181 2957
c1182 2919
c1183 2999
c1184 2745
c1185 3118
c1186 2835
c1187 3028
c1188 2870
c1189 3008
c1190 2944
c1191 2973
c1192 2970
c1193 3079
c1194 3074
c1195 3084
c1196 3046
c1197 3009
c1198 2893
c1199 3205
c11100 2898
c121 2967
c122 3219
c123 3037
c124 3130
c125 2988
c126 3055
c127 2703
c128 2944
c129 3135
c1210 3003
c1211 3043
c1212 2864
c1213 2980
c1214 2850
c1215 3081
c1216 3014
c1217 2923
c1218 3091
c1219 3288
c1220 3331
c1221 2872
c1222 2828
c1223 3078
c1224 3283
c1225 3246
c1226 2927
c1227 2834
c1228 3013
c1229 3113
c1230 3079
c1231 2971
c1232 3220
c1233 3129
c1234 3076
c1235 2731
c1236 2752
c1237 2992
c1238 2891
c1239 3101
c1240 3264
c1241 3081
c1242 3126
c1243 2868
c1244 2998
c1245 2886
c1246 3165
c1247 2872
c1248 2946
c1249 3144
c1250 2797
c1251 3258
c1252 3170
c1253 2972
c1254 3074
c1255 2921
c1256 3219
c1257 3403
c1258 3029
c1259 3098
c1260 3162
c1261 3015
c1262 2777
c1263 3196
c1264 3020
c1265 3022
c1266 2944
c1267 3040
c1268 3090
c1269 2594
c1270 3046
c1271 3110
c1272 2895
c1273 3142
c1274 2863
c1275 3118
c1276 2818
c1277 3253
c1278 2952
c1279 3052
c1280 3218
c1281 3160
c1282 2966
c1283 3060
c1284 2928
c1285 3127
c1286 2937
c1287 3150
c1288 3059
c1289 3229
c1290 3067
c1291 2927
c1292 3273
c1293 3125
c1294 3279
c1295 3279
c1296 3120
c1297 3081
c1298 3097
c1299 3178
c12100 2893
8
