100 100
c291 3070
c292 3434
c293 3200
c294 3266
c295 3202
c296 3253
c297 2857
c298 3146
c299 3112
c2910 3022
c2911 3302
c2912 2871
c2913 3057
c2914 2895
c2915 3157
c2916 3170
c2917 3042
c2918 3265
c2919 3264
c2920 3280
c2921 3101
c2922 2899
c2923 3383
c2924 3291
c2925 3188
c2926 3063
c2927 2943
c2928 3203
c2929 3237
c2930 3149
c2931 2996
c2932 3205
c2933 3120
c2934 3213
c2935 2848
c2936 2651
c2937 3072
c2938 3041
c2939 3371
c2940 3392
c2941 3126
c2942 3223
c2943 3202
c2944 3164
c2945 2896
c2946 3101
c2947 3013
c2948 2864
c2949 3338
c2950 3066
c2951 3186
c2952 3355
c2953 3086
c2954 3126
c2955 2815
c2956 3066
c2957 3416
c2958 3121
c2959 3080
c2960 3095
c2961 2912
c2962 2813
c2963 3059
c2964 3138
c2965 3251
c2966 3266
c2967 3157
c2968 3221
c2969 2793
c2970 3001
c2971 3054
c2972 3053
c2973 3225
c2974 2888
c2975 3303
c2976 2985
c2977 3476
c2978 2966
c2979 3250
c2980 3234
c2981 3072
c2982 3048
c2983 2974
c2984 2972
c2985 3092
c2986 3033
c2987 3047
c2988 3247
c2989 2986
c2990 3167
c2991 2862
c2992 3400
c2993 3050
c2994 3123
c2995 3190
c2996 3130
c2997 3186
c2998 3249
c2999 3371
c29100 3268
c301 2995
c302 3200
c303 3014
c304 3122
c305 3020
c306 3250
c307 2724
c308 3069
c309 3108
c3010 3074
c3011 3110
c3012 2896
c3013 3032
c3014 2855
c3015 3178
c3016 3318
c3017 2964
c3018 3230
c3019 3296
c3020 3257
c3021 3095
c3022 2764
c3023 3124
c3024 3102
c3025 3244
c3026 3193
c3027 2726
c3028 3141
c3029 3201
c3030 3043
c3031 3006
c3032 3307
c3033 3141
c3034 3011
c3035 2589
c3036 2686
c3037 2926
c3038 2928
c3039 3290
c3040 3265
c3041 3125
c3042 3108
c3043 3064
c3044 2938
c3045 2923
c3046 3183
c3047 2980
c3048 2874
c3049 3087
c3050 3000
c3051 3192
c3052 3356
c3053 2983
c3054 3435
c3055 2849
c3056 2982
c3057 3441
c3058 3092
c3059 3068
c3060 3076
c3061 3010
c3062 2727
c3063 3007
c3064 3028
c3065 2987
c3066 3026
c3067 3016
c3068 3093
c3069 2652
c3070 3109
c3071 3127
c3072 2847
c3073 3099
c3074 2808
c3075 3191
c3076 2812
c3077 3192
c3078 3129
c3079 3110
c3080 3220
c3081 3105
c3082 3069
c3083 3028
c3084 2738
c3085 3072
c3086 2981
c3087 3183
c3088 3168
c3089 3168
c3090 3090
c3091 2954
c3092 3204
c3093 2980
c3094 3174
c3095 3321
c3096 3342
c3097 3075
c3098 3173
c3099 3208
c30100 2954
8
