100 100
c371 3012
c372 3017
c373 3007
c374 2986
c375 2827
c376 2964
c377 2558
c378 2958
c379 2880
c3710 2782
c3711 2772
c3712 2695
c3713 2856
c3714 2753
c3715 2891
c3716 2869
c3717 2797
c3718 2976
c3719 3123
c3720 2890
c3721 2816
c3722 2632
c3723 3037
c3724 3044
c3725 2996
c3726 2767
c3727 2511
c3728 2949
c3729 2858
c3730 2943
c3731 2803
c3732 2974
c3733 3022
c3734 2888
c3735 2314
c3736 2682
c3737 2732
c3738 2696
c3739 2980
c3740 2986
c3741 2877
c3742 2809
c3743 2788
c3744 2823
c3745 2737
c3746 2833
c3747 2714
c3748 2611
c3749 2996
c3750 2702
c3751 3100
c3752 3066
c3753 2876
c3754 2896
c3755 2640
c3756 2983
c3757 3157
c3758 2768
c3759 2692
c3760 2930
c3761 2889
c3762 2488
c3763 2960
c3764 2720
c3765 2833
c3766 2933
c3767 2835
c3768 2965
c3769 2552
c3770 2808
c3771 2936
c3772 2841
c3773 2930
c3774 2532
c3775 2958
c3776 2594
c3777 3012
c3778 2700
c3779 2863
c3780 2932
c3781 2976
c3782 2912
c3783 2873
c3784 2735
c3785 2783
c3786 2705
c3787 3047
c3788 2774
c3789 2939
c3790 2926
c3791 2895
c3792 3064
c3793 2809
c3794 2863
c3795 3029
c3796 2904
c3797 2986
c3798 2953
c3799 3003
c37100 2843
c381 3192
c382 3121
c383 3184
c384 3148
c385 3073
c386 3087
c387 2782
c388 2973
c389 3074
c3810 2958
c3811 3135
c3812 2910
c3813 3032
c3814 2888
c3815 2995
c3816 3148
c3817 2963
c3818 3147
c3819 3210
c3820 3225
c3821 2892
c3822 2749
c3823 3106
c3824 3413
c3825 3069
c3826 3103
c3827 2947
c3828 3007
c3829 2998
c3830 3152
c3831 2952
c3832 3170
c3833 3155
c3834 3072
c3835 2763
c3836 2678
c3837 2890
c3838 3012
c3839 3238
c3840 3302
c3841 3035
c3842 2948
c3843 2883
c3844 3255
c3845 2894
c3846 3124
c3847 2885
c3848 2812
c3849 3047
c3850 2882
c3851 3054
c3852 3282
c3853 2995
c3854 3057
c3855 2808
c3856 2994
c3857 3324
c3858 2939
c3859 3116
c3860 3131
c3861 2900
c3862 2675
c3863 3057
c3864 3152
c3865 2931
c3866 3060
c3867 2967
c3868 3051
c3869 2852
c3870 2981
c3871 3143
c3872 2886
c3873 3156
c3874 2705
c3875 2970
c3876 2822
c3877 3393
c3878 2838
c3879 3023
c3880 3228
c3881 3016
c3882 3050
c3883 3060
c3884 2892
c3885 3007
c3886 3045
c3887 3070
c3888 3136
c3889 3004
c3890 3209
c3891 2944
c3892 3292
c3893 3068
c3894 3195
c3895 3199
c3896 3072
c3897 3226
c3898 3060
c3899 3102
c38100 3051
8
