100 100
c71 2763
c72 2898
c73 2837
c74 2908
c75 2653
c76 2853
c77 2566
c78 2841
c79 2772
c710 2876
c711 2734
c712 2561
c713 2762
c714 2566
c715 2918
c716 2821
c717 2680
c718 3004
c719 3000
c720 2941
c721 2704
c722 2503
c723 2830
c724 3066
c725 2865
c726 2651
c727 2597
c728 2732
c729 2625
c730 2718
c731 2697
c732 3145
c733 2639
c734 2818
c735 2433
c736 2476
c737 2613
c738 2526
c739 2861
c740 3077
c741 2867
c742 2648
c743 2659
c744 2753
c745 2569
c746 2935
c747 2586
c748 2565
c749 2761
c750 2712
c751 2647
c752 2944
c753 2772
c754 2709
c755 2599
c756 2770
c757 3125
c758 2732
c759 2709
c760 2752
c761 2738
c762 2444
c763 2816
c764 2732
c765 2751
c766 2837
c767 2744
c768 2889
c769 2419
c770 2720
c771 2857
c772 2588
c773 2885
c774 2353
c775 2804
c776 2630
c777 2886
c778 2653
c779 3007
c780 2807
c781 2969
c782 2782
c783 2733
c784 2587
c785 2899
c786 2705
c787 2815
c788 2730
c789 2708
c790 2659
c791 2839
c792 2819
c793 2792
c794 2924
c795 2963
c796 2880
c797 2969
c798 2834
c799 2932
c7100 2814
c81 3023
c82 3032
c83 3134
c84 3053
c85 2995
c86 3013
c87 2695
c88 3051
c89 3090
c810 3004
c811 3004
c812 2696
c813 2958
c814 2808
c815 3236
c816 3174
c817 2858
c818 3098
c819 3060
c820 3096
c821 2993
c822 2737
c823 3138
c824 3201
c825 3207
c826 2912
c827 2841
c828 3023
c829 2871
c830 3044
c831 2897
c832 3253
c833 3234
c834 3125
c835 2715
c836 2588
c837 2736
c838 2961
c839 3210
c840 3162
c841 3134
c842 2952
c843 2999
c844 2894
c845 2734
c846 3022
c847 2665
c848 2658
c849 3127
c850 2744
c851 3005
c852 3207
c853 3000
c854 2891
c855 2698
c856 3106
c857 3435
c858 2880
c859 2917
c860 3057
c861 2825
c862 2733
c863 3054
c864 3059
c865 3136
c866 3110
c867 2913
c868 3170
c869 2666
c870 3038
c871 3166
c872 2915
c873 3118
c874 2624
c875 3007
c876 2567
c877 3246
c878 2838
c879 3108
c880 3124
c881 3150
c882 3072
c883 2980
c884 2842
c885 2832
c886 2876
c887 3091
c888 2785
c889 2892
c890 2967
c891 3099
c892 3139
c893 2857
c894 3163
c895 3037
c896 2957
c897 3081
c898 3097
c899 3119
c8100 2996
9
