100 100
c491 2963
c492 3065
c493 3006
c494 2940
c495 2852
c496 2921
c497 2656
c498 2919
c499 2993
c4910 2817
c4911 2801
c4912 2706
c4913 2973
c4914 2721
c4915 3084
c4916 3045
c4917 2870
c4918 3082
c4919 3097
c4920 2942
c4921 2845
c4922 2473
c4923 2952
c4924 3051
c4925 3138
c4926 2846
c4927 2698
c4928 2847
c4929 2861
c4930 2988
c4931 2787
c4932 2991
c4933 2998
c4934 2916
c4935 2570
c4936 2513
c4937 2805
c4938 2889
c4939 3037
c4940 3123
c4941 3187
c4942 2962
c4943 2804
c4944 3004
c4945 2828
c4946 2953
c4947 2855
c4948 2606
c4949 3052
c4950 2746
c4951 2945
c4952 3137
c4953 2954
c4954 3062
c4955 2838
c4956 2879
c4957 3215
c4958 2860
c4959 2924
c4960 3062
c4961 2712
c4962 2707
c4963 2938
c4964 3036
c4965 2916
c4966 2977
c4967 2660
c4968 3113
c4969 2503
c4970 2924
c4971 3077
c4972 2624
c4973 2980
c4974 2530
c4975 2848
c4976 2616
c4977 3162
c4978 2830
c4979 2992
c4980 2915
c4981 3078
c4982 2891
c4983 2974
c4984 2832
c4985 2851
c4986 2845
c4987 3019
c4988 2886
c4989 2841
c4990 2940
c4991 2881
c4992 3103
c4993 2876
c4994 3127
c4995 3007
c4996 3118
c4997 3149
c4998 2921
c4999 3038
c49100 2693
c501 3080
c502 3186
c503 2932
c504 3215
c505 2900
c506 3050
c507 2609
c508 2946
c509 3311
c5010 2821
c5011 2986
c5012 2705
c5013 3023
c5014 2640
c5015 3133
c5016 3081
c5017 2975
c5018 3081
c5019 3226
c5020 3279
c5021 2991
c5022 2827
c5023 3211
c5024 3108
c5025 3054
c5026 2996
c5027 2677
c5028 3057
c5029 3079
c5030 3021
c5031 2899
c5032 3129
c5033 3030
c5034 2914
c5035 2705
c5036 2592
c5037 2781
c5038 2977
c5039 3132
c5040 3132
c5041 3132
c5042 2975
c5043 2934
c5044 3003
c5045 2767
c5046 3115
c5047 2930
c5048 2728
c5049 3110
c5050 2817
c5051 3096
c5052 2995
c5053 2860
c5054 2992
c5055 2810
c5056 3067
c5057 3269
c5058 2971
c5059 3044
c5060 3070
c5061 3040
c5062 2604
c5063 3109
c5064 2920
c5065 2964
c5066 3108
c5067 2856
c5068 3213
c5069 2530
c5070 3036
c5071 3161
c5072 2899
c5073 3077
c5074 2815
c5075 3124
c5076 2626
c5077 3109
c5078 3053
c5079 3093
c5080 3153
c5081 3055
c5082 3066
c5083 3081
c5084 2659
c5085 3104
c5086 2836
c5087 3074
c5088 3001
c5089 3055
c5090 2926
c5091 3005
c5092 3115
c5093 2952
c5094 2966
c5095 3120
c5096 3257
c5097 3094
c5098 3081
c5099 3102
c50100 2818
7
