100 100
c451 3178
c452 3224
c453 3238
c454 3141
c455 3080
c456 3183
c457 2839
c458 3213
c459 3094
c4510 3097
c4511 3110
c4512 2897
c4513 3014
c4514 2883
c4515 3252
c4516 3203
c4517 2964
c4518 3228
c4519 3266
c4520 3269
c4521 3220
c4522 2715
c4523 3271
c4524 3184
c4525 3359
c4526 2982
c4527 2996
c4528 3092
c4529 3125
c4530 3115
c4531 3123
c4532 3327
c4533 3234
c4534 3259
c4535 2791
c4536 2642
c4537 2912
c4538 2986
c4539 3287
c4540 3310
c4541 3240
c4542 3121
c4543 2989
c4544 3053
c4545 2850
c4546 3201
c4547 2762
c4548 2859
c4549 3157
c4550 2868
c4551 3047
c4552 3442
c4553 3045
c4554 3214
c4555 2869
c4556 3118
c4557 3569
c4558 3134
c4559 3135
c4560 3023
c4561 2893
c4562 2785
c4563 3136
c4564 3209
c4565 3086
c4566 3259
c4567 3019
c4568 3140
c4569 2610
c4570 3034
c4571 3281
c4572 2873
c4573 3107
c4574 2785
c4575 3073
c4576 2931
c4577 3308
c4578 3041
c4579 3045
c4580 3077
c4581 3272
c4582 3068
c4583 3085
c4584 2867
c4585 3073
c4586 3080
c4587 3100
c4588 2937
c4589 3069
c4590 3075
c4591 3102
c4592 3303
c4593 2986
c4594 3342
c4595 3303
c4596 3204
c4597 3289
c4598 3266
c4599 3305
c45100 3089
c461 2950
c462 3028
c463 3098
c464 3057
c465 3012
c466 3221
c467 2678
c468 3037
c469 3048
c4610 2887
c4611 2986
c4612 2805
c4613 2891
c4614 2928
c4615 2887
c4616 3012
c4617 2827
c4618 3008
c4619 3197
c4620 2931
c4621 2804
c4622 2681
c4623 3137
c4624 3100
c4625 3010
c4626 2765
c4627 2825
c4628 2933
c4629 2810
c4630 2925
c4631 2863
c4632 3051
c4633 3075
c4634 2980
c4635 2566
c4636 2560
c4637 2779
c4638 2814
c4639 3066
c4640 3134
c4641 3100
c4642 2976
c4643 2910
c4644 2945
c4645 2629
c4646 3026
c4647 2852
c4648 2802
c4649 3100
c4650 2830
c4651 2981
c4652 3134
c4653 2976
c4654 3021
c4655 2736
c4656 3076
c4657 3271
c4658 2858
c4659 2803
c4660 3103
c4661 2757
c4662 2672
c4663 2878
c4664 2874
c4665 2970
c4666 3169
c4667 2817
c4668 2964
c4669 2535
c4670 3054
c4671 2924
c4672 2886
c4673 3052
c4674 2762
c4675 3090
c4676 2770
c4677 3071
c4678 2695
c4679 2922
c4680 3166
c4681 2977
c4682 3097
c4683 2681
c4684 2800
c4685 3015
c4686 2940
c4687 3163
c4688 2984
c4689 2768
c4690 2877
c4691 2791
c4692 3169
c4693 2902
c4694 3072
c4695 3059
c4696 3000
c4697 2980
c4698 3084
c4699 3019
c46100 3006
3
