100 100
c51 2792
c52 2866
c53 2812
c54 2768
c55 2717
c56 2967
c57 2457
c58 2844
c59 2899
c510 2695
c511 2680
c512 2523
c513 2823
c514 2662
c515 2933
c516 2838
c517 2736
c518 2831
c519 3186
c520 2961
c521 2837
c522 2602
c523 2875
c524 2978
c525 2906
c526 2782
c527 2542
c528 2655
c529 2906
c530 2895
c531 2849
c532 2865
c533 3003
c534 2937
c535 2341
c536 2483
c537 2735
c538 2828
c539 2943
c540 2988
c541 2861
c542 2934
c543 2869
c544 2640
c545 2541
c546 2868
c547 2761
c548 2545
c549 2941
c550 2756
c551 2967
c552 2911
c553 2794
c554 2974
c555 2596
c556 2816
c557 3261
c558 2769
c559 2663
c560 2829
c561 2645
c562 2570
c563 2898
c564 2830
c565 2916
c566 2757
c567 2773
c568 2842
c569 2594
c570 2704
c571 2871
c572 2684
c573 2966
c574 2594
c575 2946
c576 2576
c577 3020
c578 2695
c579 2810
c580 2906
c581 3032
c582 2932
c583 2695
c584 2660
c585 2880
c586 2681
c587 2939
c588 2781
c589 2736
c590 2862
c591 2643
c592 2991
c593 2708
c594 2902
c595 3006
c596 2865
c597 2862
c598 2838
c599 2840
c5100 2840
c61 3063
c62 3538
c63 3152
c64 3232
c65 3140
c66 3274
c67 2965
c68 3225
c69 3319
c610 3003
c611 3188
c612 2945
c613 3149
c614 2917
c615 3131
c616 3263
c617 3061
c618 3347
c619 3379
c620 3239
c621 3090
c622 2990
c623 3301
c624 3433
c625 3323
c626 3191
c627 2955
c628 3187
c629 3225
c630 3270
c631 3097
c632 3133
c633 3305
c634 3151
c635 2743
c636 2751
c637 3187
c638 3038
c639 3267
c640 3096
c641 3206
c642 3221
c643 3063
c644 3138
c645 3007
c646 3162
c647 3111
c648 2918
c649 3129
c650 3148
c651 3343
c652 3469
c653 2948
c654 3390
c655 2884
c656 3124
c657 3388
c658 3167
c659 3194
c660 3240
c661 3018
c662 2634
c663 3277
c664 3288
c665 3192
c666 3156
c667 3155
c668 3215
c669 2774
c670 3161
c671 3260
c672 3281
c673 3171
c674 2858
c675 3188
c676 2966
c677 3416
c678 3060
c679 3235
c680 3362
c681 3065
c682 3105
c683 3201
c684 3017
c685 3237
c686 3112
c687 3110
c688 3167
c689 3115
c690 3181
c691 3102
c692 3376
c693 3198
c694 3320
c695 3298
c696 3368
c697 3265
c698 3196
c699 3243
c6100 3147
9
