100 100
c751 3076
c752 3400
c753 3060
c754 3161
c755 2997
c756 3127
c757 2854
c758 3132
c759 3112
c7510 3033
c7511 3093
c7512 3057
c7513 3056
c7514 3007
c7515 3213
c7516 3226
c7517 3013
c7518 3201
c7519 3394
c7520 3230
c7521 3013
c7522 2811
c7523 3091
c7524 3303
c7525 3104
c7526 3109
c7527 2872
c7528 3148
c7529 3063
c7530 2950
c7531 3040
c7532 3127
c7533 3128
c7534 3144
c7535 2677
c7536 2698
c7537 3038
c7538 2998
c7539 3221
c7540 3229
c7541 3223
c7542 3140
c7543 3032
c7544 3078
c7545 3005
c7546 3216
c7547 3086
c7548 2724
c7549 3157
c7550 2884
c7551 3069
c7552 3206
c7553 2940
c7554 3253
c7555 2937
c7556 3156
c7557 3455
c7558 3146
c7559 3014
c7560 3110
c7561 2849
c7562 2751
c7563 3200
c7564 3089
c7565 3157
c7566 3258
c7567 3003
c7568 3260
c7569 2670
c7570 3051
c7571 3147
c7572 3091
c7573 3095
c7574 2906
c7575 3351
c7576 2973
c7577 3456
c7578 3058
c7579 3207
c7580 3312
c7581 3152
c7582 3044
c7583 3124
c7584 2755
c7585 3227
c7586 3064
c7587 3133
c7588 3268
c7589 3105
c7590 3253
c7591 2956
c7592 3168
c7593 3019
c7594 3131
c7595 3229
c7596 3301
c7597 3077
c7598 3111
c7599 3280
c75100 3019
c761 2867
c762 2908
c763 2925
c764 2746
c765 2707
c766 2942
c767 2536
c768 2733
c769 2954
c7610 2781
c7611 2746
c7612 2526
c7613 2742
c7614 2648
c7615 2782
c7616 2860
c7617 2640
c7618 2882
c7619 2994
c7620 2998
c7621 2637
c7622 2534
c7623 2665
c7624 3096
c7625 2750
c7626 2701
c7627 2492
c7628 2542
c7629 2614
c7630 2848
c7631 2754
c7632 2914
c7633 2951
c7634 2827
c7635 2424
c7636 2515
c7637 2816
c7638 2622
c7639 2871
c7640 2928
c7641 2871
c7642 2580
c7643 2591
c7644 2727
c7645 2426
c7646 2823
c7647 2573
c7648 2440
c7649 2805
c7650 2721
c7651 2673
c7652 3018
c7653 2796
c7654 2926
c7655 2498
c7656 2727
c7657 3225
c7658 2667
c7659 2819
c7660 2889
c7661 2659
c7662 2456
c7663 2898
c7664 2800
c7665 2712
c7666 2747
c7667 2756
c7668 2857
c7669 2483
c7670 2774
c7671 3003
c7672 2645
c7673 2867
c7674 2435
c7675 2792
c7676 2559
c7677 2848
c7678 2706
c7679 2776
c7680 2740
c7681 2784
c7682 2733
c7683 2878
c7684 2472
c7685 2734
c7686 2757
c7687 2902
c7688 2642
c7689 2805
c7690 2811
c7691 2792
c7692 2977
c7693 2829
c7694 2988
c7695 3002
c7696 2822
c7697 2993
c7698 2697
c7699 2966
c76100 2898
9
