100 100
c911 3029
c912 2964
c913 2876
c914 3049
c915 2865
c916 3124
c917 2761
c918 3197
c919 3188
c9110 2902
c9111 3027
c9112 2731
c9113 3053
c9114 2764
c9115 2863
c9116 3093
c9117 2843
c9118 3007
c9119 3294
c9120 3104
c9121 2856
c9122 2729
c9123 3170
c9124 3143
c9125 3013
c9126 3003
c9127 2648
c9128 2962
c9129 2804
c9130 2922
c9131 2853
c9132 3135
c9133 3026
c9134 2935
c9135 2551
c9136 2723
c9137 2852
c9138 2978
c9139 3064
c9140 3071
c9141 2970
c9142 2935
c9143 2830
c9144 2884
c9145 2713
c9146 3062
c9147 2890
c9148 2750
c9149 2941
c9150 2781
c9151 3067
c9152 3241
c9153 2822
c9154 3046
c9155 2670
c9156 2939
c9157 3473
c9158 3013
c9159 2909
c9160 3095
c9161 2858
c9162 2626
c9163 2966
c9164 2911
c9165 2969
c9166 3002
c9167 2895
c9168 2971
c9169 2683
c9170 2920
c9171 3149
c9172 3000
c9173 3024
c9174 2655
c9175 2946
c9176 2855
c9177 3150
c9178 2814
c9179 3025
c9180 3231
c9181 2893
c9182 3102
c9183 2982
c9184 2721
c9185 3094
c9186 2825
c9187 2998
c9188 2884
c9189 2808
c9190 2904
c9191 2977
c9192 3076
c9193 2890
c9194 3074
c9195 3120
c9196 3025
c9197 2980
c9198 3204
c9199 3104
c91100 2787
c921 2928
c922 3023
c923 3003
c924 2986
c925 2913
c926 2976
c927 2623
c928 2953
c929 3018
c9210 2749
c9211 2855
c9212 2796
c9213 2968
c9214 2765
c9215 2946
c9216 3038
c9217 2778
c9218 3013
c9219 3089
c9220 3034
c9221 2811
c9222 2658
c9223 2888
c9224 3175
c9225 3082
c9226 2857
c9227 2564
c9228 2749
c9229 2983
c9230 2932
c9231 2787
c9232 2971
c9233 3114
c9234 3005
c9235 2473
c9236 2572
c9237 2887
c9238 2823
c9239 2986
c9240 2948
c9241 3154
c9242 2851
c9243 2901
c9244 2818
c9245 2684
c9246 2942
c9247 2703
c9248 2581
c9249 3029
c9250 2702
c9251 3049
c9252 3028
c9253 2800
c9254 3046
c9255 2594
c9256 2924
c9257 3177
c9258 2784
c9259 2873
c9260 2961
c9261 2737
c9262 2701
c9263 3048
c9264 2912
c9265 2953
c9266 2930
c9267 2862
c9268 2883
c9269 2477
c9270 3091
c9271 3050
c9272 2949
c9273 2930
c9274 2645
c9275 2983
c9276 2715
c9277 3082
c9278 2863
c9279 2821
c9280 3103
c9281 3031
c9282 2915
c9283 2930
c9284 2628
c9285 2988
c9286 2738
c9287 3094
c9288 2733
c9289 3002
c9290 3010
c9291 2861
c9292 2987
c9293 2926
c9294 3033
c9295 3140
c9296 3110
c9297 2993
c9298 3052
c9299 3006
c92100 2807
12
