100 100
c31 2912
c32 3067
c33 2868
c34 2817
c35 2967
c36 2978
c37 2509
c38 2930
c39 3030
c310 2789
c311 2836
c312 2727
c313 2829
c314 2751
c315 2895
c316 3075
c317 2638
c318 2973
c319 3075
c320 2776
c321 2624
c322 2645
c323 2824
c324 3102
c325 2933
c326 2768
c327 2586
c328 2786
c329 2806
c330 2690
c331 2785
c332 2933
c333 2816
c334 2982
c335 2449
c336 2576
c337 2875
c338 2643
c339 2942
c340 3002
c341 2837
c342 2915
c343 2823
c344 2890
c345 2641
c346 2752
c347 2900
c348 2730
c349 2941
c350 2713
c351 2773
c352 2966
c353 2643
c354 2887
c355 2596
c356 3040
c357 3087
c358 2642
c359 2742
c360 2769
c361 2628
c362 2489
c363 3038
c364 2819
c365 2862
c366 2932
c367 2706
c368 2893
c369 2523
c370 2867
c371 2951
c372 2993
c373 2873
c374 2619
c375 2959
c376 2545
c377 3041
c378 2758
c379 2911
c380 2895
c381 2883
c382 2932
c383 2684
c384 2539
c385 2969
c386 2793
c387 2886
c388 2866
c389 2896
c390 2967
c391 2782
c392 3066
c393 2862
c394 2929
c395 2903
c396 3006
c397 2901
c398 2827
c399 2923
c3100 2870
c41 3345
c42 3214
c43 3160
c44 3223
c45 3168
c46 3109
c47 2780
c48 3080
c49 3023
c410 3204
c411 3209
c412 3226
c413 3119
c414 2989
c415 3334
c416 3223
c417 3198
c418 3170
c419 3334
c420 3212
c421 3013
c422 2716
c423 3244
c424 3294
c425 3340
c426 3072
c427 2880
c428 3192
c429 3116
c430 3227
c431 3102
c432 3150
c433 3336
c434 3371
c435 2809
c436 2822
c437 3023
c438 3109
c439 3293
c440 3357
c441 3205
c442 3225
c443 3085
c444 3260
c445 2960
c446 3104
c447 3016
c448 2837
c449 3260
c450 3055
c451 3366
c452 3255
c453 3153
c454 3248
c455 3018
c456 3230
c457 3388
c458 3080
c459 3047
c460 3119
c461 3030
c462 2770
c463 3242
c464 3213
c465 3016
c466 3092
c467 3180
c468 3269
c469 2843
c470 3075
c471 3220
c472 3082
c473 3206
c474 2992
c475 3196
c476 2905
c477 3392
c478 2972
c479 3157
c480 3244
c481 3229
c482 3108
c483 3130
c484 3087
c485 3237
c486 3026
c487 3154
c488 3032
c489 3110
c490 3276
c491 3067
c492 3480
c493 3023
c494 3308
c495 3238
c496 3101
c497 3215
c498 3276
c499 3193
c4100 3197
9
