100 100
c351 3072
c352 3160
c353 3007
c354 3085
c355 2876
c356 3014
c357 2786
c358 3042
c359 3071
c3510 2976
c3511 3152
c3512 2660
c3513 2905
c3514 2719
c3515 3039
c3516 3284
c3517 2825
c3518 3058
c3519 3302
c3520 3135
c3521 2974
c3522 2813
c3523 3006
c3524 3152
c3525 2865
c3526 2928
c3527 2763
c3528 2761
c3529 3017
c3530 3140
c3531 2857
c3532 3307
c3533 3159
c3534 3217
c3535 2539
c3536 2730
c3537 2909
c3538 2961
c3539 3311
c3540 3175
c3541 2843
c3542 2976
c3543 2765
c3544 2892
c3545 2665
c3546 2909
c3547 2834
c3548 2782
c3549 3031
c3550 2960
c3551 2945
c3552 3151
c3553 2894
c3554 3076
c3555 2752
c3556 3049
c3557 3402
c3558 3029
c3559 2792
c3560 3027
c3561 2825
c3562 2632
c3563 3095
c3564 2943
c3565 2901
c3566 2909
c3567 3112
c3568 3003
c3569 2807
c3570 2874
c3571 3185
c3572 2976
c3573 3116
c3574 2748
c3575 3087
c3576 2692
c3577 3253
c3578 2760
c3579 3008
c3580 3040
c3581 2869
c3582 2937
c3583 2922
c3584 2716
c3585 3042
c3586 2926
c3587 2992
c3588 2937
c3589 2993
c3590 3066
c3591 2922
c3592 3202
c3593 2874
c3594 3085
c3595 2996
c3596 3008
c3597 3089
c3598 2871
c3599 3058
c35100 2937
c361 3000
c362 3064
c363 2951
c364 3017
c365 2790
c366 3103
c367 2745
c368 3065
c369 2983
c3610 2915
c3611 2937
c3612 2838
c3613 2862
c3614 2730
c3615 2916
c3616 3064
c3617 2960
c3618 3139
c3619 3313
c3620 3057
c3621 2817
c3622 2751
c3623 2995
c3624 3285
c3625 3141
c3626 2878
c3627 2776
c3628 2929
c3629 2860
c3630 3173
c3631 2961
c3632 3119
c3633 3020
c3634 3058
c3635 2672
c3636 2774
c3637 2889
c3638 2876
c3639 3290
c3640 3228
c3641 2904
c3642 2970
c3643 2966
c3644 3013
c3645 2726
c3646 3041
c3647 2937
c3648 2787
c3649 3126
c3650 2823
c3651 2950
c3652 3192
c3653 2708
c3654 3089
c3655 2676
c3656 2979
c3657 3243
c3658 3051
c3659 2820
c3660 3074
c3661 2762
c3662 2658
c3663 3052
c3664 2993
c3665 2973
c3666 2860
c3667 2855
c3668 2964
c3669 2777
c3670 2929
c3671 3014
c3672 2880
c3673 3164
c3674 2749
c3675 2931
c3676 2714
c3677 3201
c3678 2820
c3679 3088
c3680 3178
c3681 2975
c3682 3033
c3683 2934
c3684 2744
c3685 3211
c3686 2871
c3687 3116
c3688 2883
c3689 2956
c3690 3042
c3691 2912
c3692 3050
c3693 3006
c3694 3062
c3695 3202
c3696 3193
c3697 3044
c3698 2811
c3699 3058
c36100 2865
8
