100 100
c731 2803
c732 2888
c733 2870
c734 2891
c735 2675
c736 2894
c737 2396
c738 3034
c739 2844
c7310 2906
c7311 2776
c7312 2473
c7313 2897
c7314 2603
c7315 2946
c7316 2753
c7317 2712
c7318 3039
c7319 3018
c7320 3023
c7321 2821
c7322 2436
c7323 2859
c7324 3073
c7325 2776
c7326 2623
c7327 2593
c7328 2802
c7329 2710
c7330 2791
c7331 2790
c7332 3011
c7333 2893
c7334 2790
c7335 2471
c7336 2608
c7337 2822
c7338 2620
c7339 2902
c7340 3027
c7341 2882
c7342 2692
c7343 2780
c7344 2644
c7345 2561
c7346 2758
c7347 2671
c7348 2555
c7349 2851
c7350 2537
c7351 2857
c7352 3052
c7353 2730
c7354 2856
c7355 2572
c7356 2880
c7357 3222
c7358 2696
c7359 2632
c7360 2903
c7361 2635
c7362 2507
c7363 2902
c7364 2943
c7365 2914
c7366 2700
c7367 2759
c7368 2990
c7369 2470
c7370 2777
c7371 2850
c7372 2721
c7373 2836
c7374 2478
c7375 2806
c7376 2573
c7377 2999
c7378 2736
c7379 2906
c7380 2823
c7381 2937
c7382 2781
c7383 2734
c7384 2626
c7385 2878
c7386 2679
c7387 2904
c7388 2831
c7389 2965
c7390 2953
c7391 2768
c7392 2879
c7393 2807
c7394 2823
c7395 3090
c7396 2837
c7397 2867
c7398 2982
c7399 3030
c73100 2844
c741 3068
c742 3206
c743 3041
c744 3088
c745 3041
c746 3042
c747 2791
c748 3245
c749 2988
c7410 3041
c7411 3032
c7412 2703
c7413 2985
c7414 2758
c7415 3073
c7416 3080
c7417 3044
c7418 3149
c7419 3264
c7420 3134
c7421 3020
c7422 2778
c7423 3073
c7424 3303
c7425 3168
c7426 2982
c7427 2868
c7428 2952
c7429 2973
c7430 2983
c7431 3008
c7432 3084
c7433 3156
c7434 3125
c7435 2663
c7436 2629
c7437 2936
c7438 2858
c7439 3199
c7440 3137
c7441 2921
c7442 2922
c7443 2959
c7444 3079
c7445 2775
c7446 2996
c7447 2901
c7448 2593
c7449 3060
c7450 2864
c7451 3067
c7452 3057
c7453 2907
c7454 3212
c7455 2880
c7456 2823
c7457 3386
c7458 2877
c7459 2799
c7460 3033
c7461 2787
c7462 2795
c7463 3091
c7464 2982
c7465 3054
c7466 3096
c7467 2946
c7468 3159
c7469 2566
c7470 2872
c7471 3203
c7472 2924
c7473 3015
c7474 2692
c7475 3059
c7476 2811
c7477 3343
c7478 2847
c7479 2996
c7480 3090
c7481 3133
c7482 3023
c7483 2946
c7484 2853
c7485 3069
c7486 2794
c7487 3061
c7488 2907
c7489 3012
c7490 3108
c7491 3002
c7492 3201
c7493 3034
c7494 3122
c7495 3202
c7496 2964
c7497 2928
c7498 2920
c7499 3173
c74100 2987
8
