100 100
c211 2958
c212 3037
c213 3023
c214 3006
c215 2866
c216 3098
c217 2601
c218 3040
c219 2876
c2110 3009
c2111 2866
c2112 2884
c2113 2874
c2114 2746
c2115 2998
c2116 2912
c2117 2856
c2118 3017
c2119 3250
c2120 3002
c2121 2956
c2122 2615
c2123 2959
c2124 3344
c2125 3063
c2126 2979
c2127 2653
c2128 3078
c2129 2786
c2130 2829
c2131 2816
c2132 2928
c2133 3071
c2134 3088
c2135 2539
c2136 2705
c2137 2712
c2138 2776
c2139 2833
c2140 3209
c2141 2813
c2142 2889
c2143 2879
c2144 3013
c2145 2745
c2146 3027
c2147 2782
c2148 2759
c2149 2956
c2150 2725
c2151 2881
c2152 3113
c2153 2845
c2154 2924
c2155 2627
c2156 3031
c2157 3211
c2158 2835
c2159 2852
c2160 2931
c2161 2741
c2162 2694
c2163 3023
c2164 2895
c2165 2939
c2166 3003
c2167 2811
c2168 3027
c2169 2605
c2170 2885
c2171 3028
c2172 2891
c2173 2902
c2174 2728
c2175 2929
c2176 2672
c2177 3091
c2178 2765
c2179 2896
c2180 2908
c2181 2923
c2182 3008
c2183 2804
c2184 2664
c2185 2956
c2186 2644
c2187 3076
c2188 2970
c2189 2912
c2190 2972
c2191 2829
c2192 3028
c2193 2828
c2194 3056
c2195 3081
c2196 3061
c2197 2823
c2198 3055
c2199 3108
c21100 2893
c221 2900
c222 2931
c223 2837
c224 2962
c225 2657
c226 2933
c227 2579
c228 2809
c229 2923
c2210 2851
c2211 2859
c2212 2524
c2213 2856
c2214 2591
c2215 2873
c2216 2895
c2217 2737
c2218 2834
c2219 3102
c2220 2978
c2221 2771
c2222 2522
c2223 3005
c2224 3091
c2225 2967
c2226 2816
c2227 2577
c2228 2739
c2229 2711
c2230 2619
c2231 2681
c2232 2881
c2233 2922
c2234 2748
c2235 2600
c2236 2664
c2237 2722
c2238 2655
c2239 2851
c2240 2804
c2241 2692
c2242 2769
c2243 2795
c2244 2774
c2245 2674
c2246 2761
c2247 2649
c2248 2483
c2249 2848
c2250 2560
c2251 2941
c2252 2992
c2253 2527
c2254 2862
c2255 2417
c2256 2715
c2257 3182
c2258 2674
c2259 2818
c2260 2771
c2261 2602
c2262 2509
c2263 2788
c2264 2712
c2265 2755
c2266 2873
c2267 2790
c2268 2704
c2269 2334
c2270 2578
c2271 2895
c2272 2650
c2273 2775
c2274 2621
c2275 2849
c2276 2646
c2277 3035
c2278 2657
c2279 2832
c2280 2963
c2281 2752
c2282 2861
c2283 2646
c2284 2680
c2285 2745
c2286 2613
c2287 2957
c2288 2904
c2289 2800
c2290 2974
c2291 2733
c2292 2887
c2293 2910
c2294 2797
c2295 2905
c2296 2777
c2297 2936
c2298 2773
c2299 2911
c22100 2804
8
