100 100
c511 3108
c512 3172
c513 3164
c514 3073
c515 2952
c516 3232
c517 2695
c518 3154
c519 3056
c5110 2924
c5111 2936
c5112 2885
c5113 2997
c5114 2767
c5115 2984
c5116 3046
c5117 2881
c5118 3266
c5119 3142
c5120 3104
c5121 2919
c5122 2884
c5123 3285
c5124 3406
c5125 3253
c5126 2866
c5127 2935
c5128 2954
c5129 2973
c5130 3123
c5131 2907
c5132 3207
c5133 3122
c5134 2990
c5135 2676
c5136 2690
c5137 3029
c5138 2973
c5139 3107
c5140 3261
c5141 3142
c5142 2950
c5143 2972
c5144 2834
c5145 2769
c5146 3092
c5147 2768
c5148 2893
c5149 3150
c5150 2641
c5151 3239
c5152 3272
c5153 2928
c5154 3062
c5155 2793
c5156 3182
c5157 3288
c5158 3011
c5159 3124
c5160 3059
c5161 2853
c5162 2608
c5163 3011
c5164 3145
c5165 3008
c5166 3161
c5167 2914
c5168 3027
c5169 2641
c5170 3138
c5171 3292
c5172 2982
c5173 3266
c5174 2624
c5175 2880
c5176 2682
c5177 3211
c5178 2947
c5179 3188
c5180 3193
c5181 2932
c5182 2993
c5183 3021
c5184 2974
c5185 3040
c5186 3045
c5187 3084
c5188 2993
c5189 3067
c5190 3164
c5191 2961
c5192 3164
c5193 3078
c5194 3266
c5195 3275
c5196 3111
c5197 3200
c5198 3122
c5199 2995
c51100 2937
c521 3159
c522 3157
c523 3116
c524 3112
c525 3027
c526 3189
c527 2766
c528 3179
c529 3065
c5210 2940
c5211 2994
c5212 2825
c5213 3031
c5214 2881
c5215 3028
c5216 3018
c5217 2972
c5218 3305
c5219 3361
c5220 3148
c5221 2934
c5222 2713
c5223 3238
c5224 3452
c5225 3194
c5226 2779
c5227 2876
c5228 2994
c5229 2967
c5230 3072
c5231 2821
c5232 3115
c5233 3189
c5234 3073
c5235 2777
c5236 2867
c5237 3174
c5238 2932
c5239 3070
c5240 3245
c5241 3091
c5242 3069
c5243 2996
c5244 3183
c5245 2812
c5246 2934
c5247 2977
c5248 2725
c5249 3170
c5250 2959
c5251 3230
c5252 3313
c5253 2923
c5254 3106
c5255 2822
c5256 3096
c5257 3474
c5258 2930
c5259 2921
c5260 2956
c5261 2855
c5262 2519
c5263 3287
c5264 3164
c5265 3063
c5266 3235
c5267 2963
c5268 3179
c5269 2718
c5270 3006
c5271 3108
c5272 3113
c5273 3237
c5274 2829
c5275 2946
c5276 2878
c5277 3150
c5278 2783
c5279 3089
c5280 3225
c5281 3062
c5282 3076
c5283 2919
c5284 2840
c5285 3101
c5286 2906
c5287 3179
c5288 3058
c5289 3249
c5290 3141
c5291 2932
c5292 3384
c5293 3129
c5294 3079
c5295 3253
c5296 3136
c5297 3121
c5298 3105
c5299 3105
c52100 3061
8
