100 100
c871 3429
c872 3297
c873 3183
c874 3428
c875 3133
c876 3452
c877 3050
c878 3306
c879 3431
c8710 3281
c8711 3411
c8712 3118
c8713 3388
c8714 3074
c8715 3297
c8716 3514
c8717 3407
c8718 3564
c8719 3611
c8720 3618
c8721 3287
c8722 3170
c8723 3295
c8724 3604
c8725 3532
c8726 3372
c8727 3105
c8728 3315
c8729 3219
c8730 3444
c8731 3183
c8732 3417
c8733 3369
c8734 3446
c8735 3029
c8736 3090
c8737 3197
c8738 3231
c8739 3483
c8740 3462
c8741 3223
c8742 3214
c8743 3230
c8744 3362
c8745 3144
c8746 3530
c8747 3259
c8748 3129
c8749 3494
c8750 3041
c8751 3300
c8752 3587
c8753 3062
c8754 3334
c8755 3129
c8756 3486
c8757 3852
c8758 3293
c8759 3350
c8760 3416
c8761 3089
c8762 2894
c8763 3316
c8764 3377
c8765 3357
c8766 3262
c8767 3073
c8768 3441
c8769 2999
c8770 3366
c8771 3436
c8772 3180
c8773 3479
c8774 3080
c8775 3301
c8776 2941
c8777 3521
c8778 3169
c8779 3541
c8780 3406
c8781 3248
c8782 3397
c8783 3278
c8784 3119
c8785 3494
c8786 3342
c8787 3380
c8788 3325
c8789 3382
c8790 3548
c8791 3276
c8792 3569
c8793 3314
c8794 3520
c8795 3484
c8796 3447
c8797 3344
c8798 3330
c8799 3350
c87100 3282
c881 3147
c882 3213
c883 2978
c884 3156
c885 2882
c886 3104
c887 2738
c888 3207
c889 3149
c8810 2892
c8811 3176
c8812 2861
c8813 3005
c8814 2734
c8815 2950
c8816 3145
c8817 2993
c8818 3021
c8819 3348
c8820 3184
c8821 3025
c8822 2786
c8823 2994
c8824 3270
c8825 3004
c8826 3071
c8827 2667
c8828 3084
c8829 3034
c8830 2995
c8831 2875
c8832 3185
c8833 3113
c8834 2888
c8835 2584
c8836 2764
c8837 3015
c8838 2795
c8839 3104
c8840 3262
c8841 2956
c8842 2895
c8843 2908
c8844 3060
c8845 2815
c8846 2886
c8847 2891
c8848 2764
c8849 3010
c8850 2753
c8851 3035
c8852 3303
c8853 2789
c8854 3151
c8855 2718
c8856 2920
c8857 3335
c8858 3090
c8859 2815
c8860 3006
c8861 2924
c8862 2680
c8863 3004
c8864 2899
c8865 2946
c8866 3074
c8867 3014
c8868 2969
c8869 2599
c8870 2889
c8871 3104
c8872 2871
c8873 3013
c8874 2774
c8875 3171
c8876 2671
c8877 3296
c8878 2821
c8879 2864
c8880 3035
c8881 3018
c8882 3021
c8883 3051
c8884 2651
c8885 3008
c8886 2860
c8887 3185
c8888 3020
c8889 3198
c8890 3062
c8891 2921
c8892 2985
c8893 2926
c8894 3083
c8895 3234
c8896 3133
c8897 2972
c8898 3080
c8899 3215
c88100 2877
12
