100 100
c551 3151
c552 3176
c553 3001
c554 3143
c555 3002
c556 3157
c557 2784
c558 3027
c559 3194
c5510 2937
c5511 3076
c5512 2828
c5513 3064
c5514 2827
c5515 3118
c5516 3179
c5517 2882
c5518 3098
c5519 3485
c5520 3064
c5521 3007
c5522 2683
c5523 3017
c5524 3189
c5525 3087
c5526 2947
c5527 2680
c5528 2916
c5529 2980
c5530 3034
c5531 2960
c5532 3378
c5533 3045
c5534 3158
c5535 2664
c5536 2792
c5537 3002
c5538 3012
c5539 3259
c5540 3414
c5541 3046
c5542 2995
c5543 3033
c5544 3035
c5545 2805
c5546 2814
c5547 3073
c5548 2703
c5549 3038
c5550 2844
c5551 3070
c5552 3244
c5553 3119
c5554 3185
c5555 2629
c5556 2960
c5557 3435
c5558 3040
c5559 2892
c5560 2997
c5561 2852
c5562 2779
c5563 3116
c5564 2984
c5565 2886
c5566 2984
c5567 2967
c5568 3136
c5569 2740
c5570 2988
c5571 3100
c5572 2942
c5573 2996
c5574 2806
c5575 3078
c5576 2738
c5577 3348
c5578 2986
c5579 3116
c5580 2918
c5581 3073
c5582 3115
c5583 2875
c5584 2687
c5585 3167
c5586 2996
c5587 3080
c5588 2956
c5589 3117
c5590 3196
c5591 2843
c5592 2954
c5593 2960
c5594 3206
c5595 3213
c5596 3080
c5597 3275
c5598 2968
c5599 3243
c55100 3008
c561 3345
c562 3382
c563 3271
c564 3328
c565 3172
c566 3302
c567 2761
c568 3346
c569 3499
c5610 3111
c5611 3284
c5612 3041
c5613 3316
c5614 2881
c5615 3294
c5616 3413
c5617 3112
c5618 3281
c5619 3488
c5620 3447
c5621 3005
c5622 3001
c5623 3531
c5624 3274
c5625 3235
c5626 3138
c5627 2998
c5628 3228
c5629 3336
c5630 3403
c5631 3178
c5632 3365
c5633 3365
c5634 3207
c5635 2921
c5636 2770
c5637 3068
c5638 3280
c5639 3552
c5640 3474
c5641 3390
c5642 3281
c5643 3134
c5644 3294
c5645 2990
c5646 3271
c5647 3097
c5648 3062
c5649 3264
c5650 2847
c5651 3417
c5652 3389
c5653 3249
c5654 3381
c5655 2872
c5656 3218
c5657 3549
c5658 3188
c5659 3280
c5660 3309
c5661 2969
c5662 2783
c5663 3170
c5664 3288
c5665 3028
c5666 3381
c5667 3135
c5668 3269
c5669 2886
c5670 3230
c5671 3282
c5672 3105
c5673 3195
c5674 2971
c5675 3280
c5676 3005
c5677 3528
c5678 3077
c5679 3319
c5680 3382
c5681 3226
c5682 3337
c5683 3231
c5684 3187
c5685 3180
c5686 3158
c5687 3316
c5688 3318
c5689 3283
c5690 3386
c5691 3156
c5692 3406
c5693 3262
c5694 3406
c5695 3503
c5696 3312
c5697 3276
c5698 3352
c5699 3339
c56100 3051
8
