100 100
c791 3572
c792 3597
c793 3568
c794 3503
c795 3326
c796 3646
c797 3171
c798 3496
c799 3342
c7910 3408
c7911 3430
c7912 3340
c7913 3370
c7914 3197
c7915 3504
c7916 3475
c7917 3266
c7918 3624
c7919 3694
c7920 3494
c7921 3282
c7922 3003
c7923 3402
c7924 3737
c7925 3622
c7926 3306
c7927 3037
c7928 3440
c7929 3340
c7930 3380
c7931 3286
c7932 3707
c7933 3531
c7934 3386
c7935 3112
c7936 3109
c7937 3313
c7938 3061
c7939 3324
c7940 3518
c7941 3558
c7942 3448
c7943 3327
c7944 3481
c7945 3333
c7946 3400
c7947 3218
c7948 3135
c7949 3708
c7950 3167
c7951 3484
c7952 3704
c7953 3238
c7954 3397
c7955 3207
c7956 3498
c7957 3597
c7958 3331
c7959 3385
c7960 3355
c7961 3273
c7962 3049
c7963 3453
c7964 3329
c7965 3331
c7966 3448
c7967 3397
c7968 3488
c7969 2830
c7970 3430
c7971 3513
c7972 3150
c7973 3369
c7974 3172
c7975 3593
c7976 3178
c7977 3554
c7978 3233
c7979 3414
c7980 3559
c7981 3475
c7982 3425
c7983 3299
c7984 3072
c7985 3462
c7986 3305
c7987 3654
c7988 3405
c7989 3587
c7990 3580
c7991 3325
c7992 3490
c7993 3523
c7994 3412
c7995 3687
c7996 3660
c7997 3517
c7998 3542
c7999 3578
c79100 3386
c801 3175
c802 3070
c803 3154
c804 3179
c805 2889
c806 3018
c807 2624
c808 3301
c809 2998
c8010 2929
c8011 3038
c8012 2774
c8013 3034
c8014 2764
c8015 3151
c8016 2940
c8017 3061
c8018 3168
c8019 3352
c8020 3105
c8021 2978
c8022 2852
c8023 3190
c8024 3255
c8025 3096
c8026 2809
c8027 2832
c8028 3060
c8029 2903
c8030 3012
c8031 2900
c8032 3164
c8033 3242
c8034 3103
c8035 2755
c8036 2702
c8037 2894
c8038 3025
c8039 3130
c8040 3175
c8041 2981
c8042 2943
c8043 2889
c8044 3062
c8045 2749
c8046 3015
c8047 2910
c8048 2810
c8049 3142
c8050 2971
c8051 3111
c8052 3210
c8053 2921
c8054 2989
c8055 2830
c8056 3070
c8057 3307
c8058 3002
c8059 2906
c8060 3174
c8061 2783
c8062 2586
c8063 3161
c8064 3091
c8065 3111
c8066 3068
c8067 2966
c8068 3264
c8069 2645
c8070 3037
c8071 3061
c8072 3041
c8073 3203
c8074 2759
c8075 2949
c8076 2844
c8077 3181
c8078 2801
c8079 3133
c8080 3272
c8081 2971
c8082 3147
c8083 2896
c8084 2782
c8085 3026
c8086 2958
c8087 3016
c8088 2955
c8089 3094
c8090 2974
c8091 2926
c8092 3276
c8093 2926
c8094 3047
c8095 3113
c8096 3072
c8097 3019
c8098 2993
c8099 3171
c80100 2948
12
