100 100
c131 3166
c132 3148
c133 3050
c134 3066
c135 2994
c136 3181
c137 2660
c138 3186
c139 3144
c1310 3041
c1311 3076
c1312 2870
c1313 3033
c1314 2850
c1315 3136
c1316 3069
c1317 3062
c1318 3062
c1319 3196
c1320 3231
c1321 3058
c1322 2817
c1323 3153
c1324 3263
c1325 3207
c1326 3009
c1327 2818
c1328 3000
c1329 3081
c1330 3073
c1331 3006
c1332 3273
c1333 3087
c1334 3069
c1335 2871
c1336 2557
c1337 2920
c1338 3054
c1339 3079
c1340 3066
c1341 3162
c1342 2863
c1343 2920
c1344 2946
c1345 2770
c1346 3125
c1347 2871
c1348 2862
c1349 3232
c1350 2944
c1351 3100
c1352 3288
c1353 3013
c1354 3007
c1355 2685
c1356 2908
c1357 3342
c1358 2980
c1359 2978
c1360 3074
c1361 2871
c1362 2660
c1363 2990
c1364 2972
c1365 2956
c1366 2994
c1367 2931
c1368 3231
c1369 2684
c1370 3160
c1371 3203
c1372 2727
c1373 3168
c1374 2668
c1375 2973
c1376 2793
c1377 3164
c1378 3056
c1379 3113
c1380 3268
c1381 2998
c1382 2970
c1383 3001
c1384 2901
c1385 2895
c1386 2990
c1387 3070
c1388 2945
c1389 3039
c1390 3025
c1391 2979
c1392 3343
c1393 3116
c1394 3203
c1395 3305
c1396 3153
c1397 3115
c1398 3053
c1399 3107
c13100 3005
c141 3174
c142 2965
c143 3039
c144 3017
c145 3072
c146 2943
c147 2634
c148 2951
c149 3100
c1410 2822
c1411 3031
c1412 2784
c1413 2755
c1414 2651
c1415 2819
c1416 2930
c1417 2868
c1418 3037
c1419 3091
c1420 2992
c1421 2757
c1422 2691
c1423 3013
c1424 3173
c1425 3052
c1426 2942
c1427 2565
c1428 2916
c1429 2944
c1430 2884
c1431 2955
c1432 2960
c1433 3106
c1434 2922
c1435 2542
c1436 2692
c1437 2828
c1438 2775
c1439 2909
c1440 3120
c1441 2915
c1442 2958
c1443 2798
c1444 2923
c1445 2861
c1446 2848
c1447 2837
c1448 2910
c1449 3146
c1450 2760
c1451 3084
c1452 3118
c1453 2735
c1454 3016
c1455 2683
c1456 3030
c1457 3106
c1458 2884
c1459 2781
c1460 3012
c1461 2903
c1462 2552
c1463 3031
c1464 3001
c1465 2953
c1466 2891
c1467 2787
c1468 3066
c1469 2591
c1470 2919
c1471 2983
c1472 3006
c1473 2922
c1474 2718
c1475 3068
c1476 2687
c1477 3247
c1478 2743
c1479 2930
c1480 2917
c1481 2839
c1482 2915
c1483 2890
c1484 2744
c1485 3086
c1486 2805
c1487 2916
c1488 2882
c1489 3030
c1490 2987
c1491 2750
c1492 3130
c1493 2780
c1494 3105
c1495 3088
c1496 3038
c1497 2944
c1498 3045
c1499 2924
c14100 2933
8
