100 100
c91 3039
c92 3224
c93 3107
c94 3141
c95 3092
c96 3260
c97 2649
c98 3107
c99 3074
c910 3034
c911 3029
c912 2889
c913 2954
c914 2791
c915 3139
c916 3082
c917 2927
c918 3228
c919 3509
c920 3200
c921 2961
c922 2810
c923 3241
c924 3315
c925 3093
c926 2963
c927 2795
c928 2932
c929 3039
c930 3184
c931 2983
c932 3264
c933 3291
c934 2993
c935 2558
c936 2784
c937 2854
c938 2939
c939 3279
c940 3377
c941 3172
c942 3030
c943 2926
c944 3015
c945 2682
c946 3104
c947 2932
c948 2897
c949 3120
c950 3016
c951 3138
c952 3236
c953 3069
c954 3230
c955 2924
c956 3133
c957 3386
c958 3234
c959 3130
c960 3075
c961 2809
c962 2583
c963 3113
c964 2980
c965 2923
c966 3197
c967 3088
c968 3147
c969 2700
c970 3030
c971 3255
c972 2779
c973 3076
c974 2717
c975 3086
c976 2741
c977 3221
c978 2840
c979 3098
c980 3095
c981 3083
c982 3201
c983 3064
c984 2994
c985 3130
c986 2977
c987 3218
c988 3115
c989 2830
c990 3198
c991 2943
c992 3224
c993 2955
c994 3224
c995 3349
c996 2994
c997 3173
c998 3153
c999 3123
c9100 3165
c101 3078
c102 3455
c103 3061
c104 3098
c105 3069
c106 3161
c107 2874
c108 3176
c109 2999
c1010 3165
c1011 2928
c1012 2777
c1013 3041
c1014 2947
c1015 3187
c1016 3215
c1017 3010
c1018 3153
c1019 3343
c1020 3177
c1021 2924
c1022 2822
c1023 3211
c1024 3525
c1025 3319
c1026 3056
c1027 2947
c1028 3033
c1029 3061
c1030 3032
c1031 3020
c1032 3230
c1033 3152
c1034 2975
c1035 2713
c1036 2759
c1037 3026
c1038 2933
c1039 3231
c1040 3249
c1041 3103
c1042 3179
c1043 2978
c1044 3037
c1045 2820
c1046 3037
c1047 2905
c1048 2914
c1049 3091
c1050 3037
c1051 3140
c1052 3283
c1053 2945
c1054 3378
c1055 2822
c1056 3250
c1057 3621
c1058 3127
c1059 3068
c1060 3271
c1061 2945
c1062 2822
c1063 3278
c1064 3108
c1065 3122
c1066 3139
c1067 3042
c1068 3052
c1069 2755
c1070 3079
c1071 3245
c1072 2942
c1073 3140
c1074 2889
c1075 3268
c1076 2878
c1077 3474
c1078 2993
c1079 3057
c1080 3205
c1081 3233
c1082 3122
c1083 3145
c1084 2993
c1085 3179
c1086 3100
c1087 3298
c1088 3155
c1089 3030
c1090 3242
c1091 3135
c1092 3242
c1093 3083
c1094 3250
c1095 3265
c1096 3142
c1097 3114
c1098 3165
c1099 3209
c10100 3105
9
