100 100
c851 3108
c852 3131
c853 2932
c854 3050
c855 2811
c856 3112
c857 2666
c858 2977
c859 3172
c8510 2952
c8511 3046
c8512 2774
c8513 3033
c8514 2723
c8515 2912
c8516 3114
c8517 2889
c8518 3008
c8519 3175
c8520 3027
c8521 2834
c8522 2834
c8523 3096
c8524 3141
c8525 3063
c8526 3039
c8527 2638
c8528 2973
c8529 3070
c8530 2960
c8531 3020
c8532 3152
c8533 2961
c8534 2949
c8535 2543
c8536 2734
c8537 2842
c8538 2963
c8539 3093
c8540 3218
c8541 2911
c8542 2956
c8543 2885
c8544 2833
c8545 2895
c8546 2980
c8547 3043
c8548 2814
c8549 2973
c8550 2831
c8551 3017
c8552 3115
c8553 2877
c8554 3102
c8555 2770
c8556 2941
c8557 3355
c8558 2953
c8559 2885
c8560 2883
c8561 2944
c8562 2586
c8563 3073
c8564 2820
c8565 2932
c8566 3114
c8567 2831
c8568 3130
c8569 2624
c8570 2834
c8571 3105
c8572 2939
c8573 2972
c8574 2675
c8575 3088
c8576 2661
c8577 3203
c8578 2877
c8579 3068
c8580 2925
c8581 3088
c8582 3072
c8583 2993
c8584 2818
c8585 2977
c8586 2874
c8587 2909
c8588 2939
c8589 2904
c8590 3092
c8591 2811
c8592 3120
c8593 2939
c8594 3026
c8595 3109
c8596 3031
c8597 3026
c8598 2893
c8599 3092
c85100 2945
c861 3205
c862 3371
c863 3200
c864 3251
c865 3084
c866 3171
c867 2778
c868 3288
c869 3129
c8610 3089
c8611 3280
c8612 2844
c8613 3185
c8614 2928
c8615 3160
c8616 3420
c8617 3054
c8618 3276
c8619 3467
c8620 3251
c8621 3066
c8622 2824
c8623 3200
c8624 3306
c8625 3287
c8626 3102
c8627 2857
c8628 3119
c8629 3058
c8630 3083
c8631 2935
c8632 3191
c8633 3104
c8634 3153
c8635 2734
c8636 2786
c8637 3096
c8638 2809
c8639 3350
c8640 3198
c8641 3131
c8642 3182
c8643 3046
c8644 3082
c8645 2933
c8646 3094
c8647 3006
c8648 2863
c8649 3128
c8650 3037
c8651 3223
c8652 3322
c8653 2931
c8654 3304
c8655 2954
c8656 3142
c8657 3511
c8658 3136
c8659 2984
c8660 3051
c8661 2849
c8662 2755
c8663 3104
c8664 3108
c8665 3241
c8666 3153
c8667 3118
c8668 3178
c8669 2769
c8670 3017
c8671 3225
c8672 3003
c8673 3184
c8674 2954
c8675 3154
c8676 2872
c8677 3376
c8678 2945
c8679 3119
c8680 3236
c8681 3122
c8682 3084
c8683 3031
c8684 2919
c8685 3127
c8686 3011
c8687 3198
c8688 3343
c8689 3194
c8690 3150
c8691 3038
c8692 3422
c8693 2969
c8694 3180
c8695 3305
c8696 3243
c8697 3218
c8698 3165
c8699 3118
c86100 3142
12
