100 100
c151 3184
c152 3211
c153 3103
c154 3169
c155 2998
c156 3243
c157 2743
c158 3122
c159 3144
c1510 3017
c1511 3058
c1512 2790
c1513 2965
c1514 2770
c1515 3046
c1516 3229
c1517 3045
c1518 3002
c1519 3318
c1520 3164
c1521 2942
c1522 2833
c1523 3216
c1524 3391
c1525 3064
c1526 2967
c1527 2815
c1528 2901
c1529 3049
c1530 3017
c1531 2900
c1532 3283
c1533 3123
c1534 2937
c1535 2798
c1536 2734
c1537 3052
c1538 3012
c1539 3164
c1540 3149
c1541 3103
c1542 3041
c1543 2978
c1544 2941
c1545 2864
c1546 2967
c1547 2919
c1548 2909
c1549 3114
c1550 2811
c1551 3005
c1552 3129
c1553 2846
c1554 3191
c1555 2583
c1556 3038
c1557 3497
c1558 3113
c1559 3062
c1560 3103
c1561 2905
c1562 2687
c1563 3087
c1564 2993
c1565 2912
c1566 3194
c1567 3076
c1568 2907
c1569 2730
c1570 3061
c1571 3045
c1572 2902
c1573 3054
c1574 2869
c1575 3029
c1576 2683
c1577 3250
c1578 2813
c1579 2941
c1580 3121
c1581 3031
c1582 3068
c1583 2939
c1584 2814
c1585 3198
c1586 3033
c1587 3101
c1588 3084
c1589 3072
c1590 3118
c1591 2939
c1592 3152
c1593 3148
c1594 3134
c1595 3203
c1596 3227
c1597 3040
c1598 3020
c1599 3115
c15100 2998
c161 2936
c162 3088
c163 2920
c164 3029
c165 2734
c166 2908
c167 2696
c168 2847
c169 2746
c1610 2898
c1611 2942
c1612 2583
c1613 2744
c1614 2699
c1615 2946
c1616 2970
c1617 2762
c1618 3144
c1619 3089
c1620 2922
c1621 2685
c1622 2537
c1623 2918
c1624 3091
c1625 2934
c1626 2899
c1627 2745
c1628 2761
c1629 2797
c1630 3005
c1631 2621
c1632 2945
c1633 2906
c1634 2800
c1635 2520
c1636 2476
c1637 2700
c1638 2779
c1639 3025
c1640 2923
c1641 2978
c1642 2880
c1643 2683
c1644 2873
c1645 2621
c1646 2935
c1647 2628
c1648 2636
c1649 2987
c1650 2719
c1651 2753
c1652 3090
c1653 2797
c1654 3017
c1655 2651
c1656 2992
c1657 3065
c1658 2878
c1659 2927
c1660 2887
c1661 2807
c1662 2496
c1663 2769
c1664 2858
c1665 2699
c1666 2851
c1667 2824
c1668 2882
c1669 2691
c1670 2703
c1671 3020
c1672 2738
c1673 2844
c1674 2591
c1675 2972
c1676 2705
c1677 3019
c1678 2872
c1679 2872
c1680 2866
c1681 2712
c1682 2825
c1683 2910
c1684 2686
c1685 2959
c1686 2709
c1687 2915
c1688 2775
c1689 2773
c1690 3009
c1691 2900
c1692 3039
c1693 2834
c1694 2970
c1695 3045
c1696 2817
c1697 2932
c1698 2876
c1699 3042
c16100 2917
8
