100 100
c811 3302
c812 3237
c813 3388
c814 3259
c815 3115
c816 3101
c817 2841
c818 3433
c819 3186
c8110 3166
c8111 3240
c8112 2920
c8113 3229
c8114 3014
c8115 3305
c8116 3190
c8117 3064
c8118 3300
c8119 3546
c8120 3252
c8121 3085
c8122 2856
c8123 3419
c8124 3333
c8125 3303
c8126 2935
c8127 2879
c8128 3236
c8129 3223
c8130 3170
c8131 3104
c8132 3353
c8133 3321
c8134 3366
c8135 2811
c8136 3009
c8137 3132
c8138 3074
c8139 3402
c8140 3498
c8141 3268
c8142 3151
c8143 3043
c8144 3362
c8145 3053
c8146 3236
c8147 3002
c8148 3061
c8149 3407
c8150 3000
c8151 3285
c8152 3370
c8153 3103
c8154 3313
c8155 2983
c8156 3280
c8157 3544
c8158 3105
c8159 3073
c8160 3155
c8161 3110
c8162 2987
c8163 3414
c8164 3280
c8165 3127
c8166 3229
c8167 3034
c8168 3374
c8169 2712
c8170 3105
c8171 3336
c8172 3035
c8173 3263
c8174 2860
c8175 3235
c8176 2908
c8177 3376
c8178 3184
c8179 3258
c8180 3233
c8181 3409
c8182 3324
c8183 3113
c8184 2977
c8185 3371
c8186 2856
c8187 3254
c8188 3111
c8189 3338
c8190 3315
c8191 3113
c8192 3325
c8193 3080
c8194 3161
c8195 3382
c8196 3335
c8197 3195
c8198 3184
c8199 3436
c81100 3093
c821 2979
c822 3270
c823 3112
c824 3017
c825 2996
c826 3065
c827 2723
c828 3048
c829 3057
c8210 2894
c8211 2866
c8212 2794
c8213 2921
c8214 2701
c8215 3105
c8216 3048
c8217 2970
c8218 3142
c8219 3292
c8220 3106
c8221 2884
c8222 2940
c8223 3114
c8224 3283
c8225 3254
c8226 2967
c8227 2796
c8228 3062
c8229 3000
c8230 3067
c8231 2929
c8232 3161
c8233 3147
c8234 2992
c8235 2663
c8236 2697
c8237 2865
c8238 2967
c8239 3122
c8240 3253
c8241 3064
c8242 3047
c8243 2871
c8244 2978
c8245 2764
c8246 3001
c8247 2964
c8248 2742
c8249 3249
c8250 2943
c8251 3072
c8252 3238
c8253 2967
c8254 3089
c8255 2844
c8256 3119
c8257 3349
c8258 2925
c8259 2909
c8260 2953
c8261 2698
c8262 2576
c8263 3087
c8264 3033
c8265 3096
c8266 3135
c8267 2896
c8268 3108
c8269 2722
c8270 2950
c8271 3082
c8272 2975
c8273 3076
c8274 2666
c8275 3170
c8276 2749
c8277 3017
c8278 2717
c8279 3124
c8280 2952
c8281 3099
c8282 3120
c8283 3072
c8284 2887
c8285 3028
c8286 2951
c8287 2918
c8288 3013
c8289 3072
c8290 3086
c8291 2976
c8292 3106
c8293 2965
c8294 2953
c8295 3161
c8296 3065
c8297 3059
c8298 2992
c8299 2988
c82100 3055
12
