100 100
c431 2941
c432 2782
c433 2851
c434 2859
c435 2831
c436 3014
c437 2536
c438 2839
c439 2936
c4310 2823
c4311 2850
c4312 2707
c4313 2773
c4314 2720
c4315 2862
c4316 2710
c4317 2797
c4318 2925
c4319 3164
c4320 2992
c4321 2978
c4322 2566
c4323 3013
c4324 3137
c4325 2991
c4326 2907
c4327 2456
c4328 2826
c4329 2793
c4330 2891
c4331 2746
c4332 2897
c4333 3039
c4334 2982
c4335 2408
c4336 2636
c4337 2783
c4338 2722
c4339 3018
c4340 2996
c4341 2904
c4342 2848
c4343 2798
c4344 2796
c4345 2709
c4346 2825
c4347 2723
c4348 2547
c4349 3049
c4350 2715
c4351 2849
c4352 3070
c4353 2645
c4354 2878
c4355 2619
c4356 2854
c4357 3189
c4358 2838
c4359 2852
c4360 2905
c4361 2728
c4362 2583
c4363 2944
c4364 3004
c4365 2909
c4366 2787
c4367 2847
c4368 2893
c4369 2531
c4370 2879
c4371 2926
c4372 2673
c4373 2856
c4374 2633
c4375 2884
c4376 2502
c4377 3012
c4378 2644
c4379 2814
c4380 2925
c4381 2850
c4382 2777
c4383 2712
c4384 2641
c4385 2910
c4386 2539
c4387 3030
c4388 2950
c4389 2932
c4390 2948
c4391 2841
c4392 2929
c4393 2661
c4394 2694
c4395 2898
c4396 3091
c4397 3094
c4398 2874
c4399 3107
c43100 2762
c441 3001
c442 3101
c443 2955
c444 3004
c445 2876
c446 3082
c447 2586
c448 3068
c449 3102
c4410 2792
c4411 2995
c4412 2766
c4413 2866
c4414 2725
c4415 2833
c4416 2984
c4417 2790
c4418 2988
c4419 3290
c4420 3174
c4421 2734
c4422 2863
c4423 3088
c4424 3195
c4425 3130
c4426 2924
c4427 2805
c4428 2950
c4429 2959
c4430 3020
c4431 3063
c4432 3103
c4433 3056
c4434 3056
c4435 2535
c4436 2618
c4437 2906
c4438 2855
c4439 3105
c4440 3070
c4441 3060
c4442 2935
c4443 2872
c4444 2836
c4445 2846
c4446 2890
c4447 2714
c4448 2717
c4449 3102
c4450 2748
c4451 3038
c4452 3156
c4453 2727
c4454 3058
c4455 2614
c4456 2984
c4457 3298
c4458 2919
c4459 2981
c4460 3031
c4461 2710
c4462 2586
c4463 3042
c4464 3010
c4465 3054
c4466 3048
c4467 2988
c4468 2814
c4469 2713
c4470 3104
c4471 2947
c4472 2964
c4473 3073
c4474 2781
c4475 3025
c4476 2742
c4477 3165
c4478 2769
c4479 2975
c4480 3150
c4481 3040
c4482 3043
c4483 2907
c4484 2789
c4485 2962
c4486 2845
c4487 2913
c4488 2858
c4489 2857
c4490 3114
c4491 2863
c4492 3011
c4493 2878
c4494 2965
c4495 3089
c4496 3090
c4497 2957
c4498 2980
c4499 2935
c44100 2970
7
