100 100
c411 3044
c412 3034
c413 3056
c414 2989
c415 2888
c416 2931
c417 2624
c418 3111
c419 3023
c4110 2708
c4111 2908
c4112 2871
c4113 2919
c4114 2717
c4115 2827
c4116 2925
c4117 2684
c4118 2986
c4119 3248
c4120 2858
c4121 2971
c4122 2696
c4123 3121
c4124 3126
c4125 2985
c4126 2660
c4127 2556
c4128 3000
c4129 2886
c4130 2737
c4131 2904
c4132 3061
c4133 3066
c4134 3021
c4135 2595
c4136 2801
c4137 3006
c4138 2855
c4139 3000
c4140 3111
c4141 3004
c4142 3008
c4143 2887
c4144 2863
c4145 2685
c4146 2887
c4147 2819
c4148 2681
c4149 3139
c4150 2748
c4151 3064
c4152 3207
c4153 2797
c4154 2834
c4155 2800
c4156 3015
c4157 3086
c4158 2941
c4159 2832
c4160 2795
c4161 2862
c4162 2565
c4163 3165
c4164 3002
c4165 2967
c4166 3110
c4167 3092
c4168 3085
c4169 2420
c4170 2994
c4171 3180
c4172 3016
c4173 3072
c4174 2611
c4175 2925
c4176 2671
c4177 3128
c4178 2831
c4179 2910
c4180 3162
c4181 2954
c4182 2937
c4183 2847
c4184 2602
c4185 2993
c4186 2785
c4187 2982
c4188 2805
c4189 3001
c4190 3064
c4191 2793
c4192 3035
c4193 2812
c4194 3012
c4195 2995
c4196 3107
c4197 3025
c4198 2833
c4199 3241
c41100 2783
c421 3068
c422 3249
c423 3284
c424 3195
c425 3028
c426 3220
c427 2801
c428 3366
c429 3120
c4210 2963
c4211 3043
c4212 2997
c4213 2996
c4214 3008
c4215 3124
c4216 3128
c4217 3034
c4218 3179
c4219 3418
c4220 3198
c4221 3204
c4222 2703
c4223 3220
c4224 3431
c4225 3128
c4226 3103
c4227 2975
c4228 3142
c4229 2974
c4230 3095
c4231 3115
c4232 3162
c4233 3288
c4234 3175
c4235 2707
c4236 2796
c4237 3083
c4238 3067
c4239 3217
c4240 3222
c4241 3158
c4242 3076
c4243 3058
c4244 3081
c4245 2926
c4246 3155
c4247 2909
c4248 2859
c4249 3227
c4250 2893
c4251 3191
c4252 3333
c4253 2921
c4254 3337
c4255 2928
c4256 3043
c4257 3262
c4258 3241
c4259 3154
c4260 3221
c4261 2913
c4262 2650
c4263 3195
c4264 3248
c4265 3046
c4266 3202
c4267 3132
c4268 3260
c4269 2708
c4270 3082
c4271 3194
c4272 2990
c4273 3120
c4274 2904
c4275 3148
c4276 2865
c4277 3216
c4278 3099
c4279 3276
c4280 3306
c4281 3131
c4282 3029
c4283 3057
c4284 2790
c4285 3253
c4286 2954
c4287 3232
c4288 2976
c4289 3086
c4290 3281
c4291 3028
c4292 3241
c4293 3158
c4294 3127
c4295 3244
c4296 3312
c4297 3153
c4298 3103
c4299 3213
c42100 3054
8
