100 100
c171 3140
c172 3111
c173 2969
c174 2985
c175 2903
c176 2996
c177 2738
c178 3067
c179 2870
c1710 2941
c1711 2794
c1712 2734
c1713 2941
c1714 2841
c1715 3058
c1716 2950
c1717 3028
c1718 3007
c1719 3249
c1720 3116
c1721 2821
c1722 2635
c1723 3118
c1724 3359
c1725 3087
c1726 2944
c1727 2904
c1728 2972
c1729 2818
c1730 2765
c1731 3006
c1732 3007
c1733 3046
c1734 3038
c1735 2705
c1736 2825
c1737 2841
c1738 2864
c1739 3015
c1740 3130
c1741 3087
c1742 2885
c1743 2828
c1744 2971
c1745 2778
c1746 3066
c1747 2711
c1748 2777
c1749 2895
c1750 2827
c1751 3026
c1752 3065
c1753 2806
c1754 3085
c1755 2659
c1756 2877
c1757 3425
c1758 2945
c1759 2893
c1760 3001
c1761 2778
c1762 2627
c1763 3047
c1764 3058
c1765 2867
c1766 2936
c1767 2897
c1768 2954
c1769 2611
c1770 2966
c1771 2918
c1772 2794
c1773 3102
c1774 2665
c1775 3040
c1776 2909
c1777 3230
c1778 2805
c1779 3043
c1780 3125
c1781 3198
c1782 3058
c1783 2897
c1784 2808
c1785 3094
c1786 2924
c1787 3034
c1788 3023
c1789 2938
c1790 3028
c1791 2906
c1792 3053
c1793 2928
c1794 3159
c1795 2937
c1796 3020
c1797 3011
c1798 3072
c1799 3169
c17100 2991
c181 2977
c182 2802
c183 2775
c184 2706
c185 2739
c186 3073
c187 2554
c188 2996
c189 2898
c1810 2724
c1811 2763
c1812 2648
c1813 2783
c1814 2584
c1815 2928
c1816 2880
c1817 2653
c1818 2821
c1819 3059
c1820 2953
c1821 2714
c1822 2624
c1823 3028
c1824 2949
c1825 2935
c1826 2859
c1827 2604
c1828 2782
c1829 2744
c1830 2860
c1831 2799
c1832 3013
c1833 2993
c1834 2899
c1835 2483
c1836 2564
c1837 2749
c1838 2824
c1839 2958
c1840 2917
c1841 3003
c1842 2862
c1843 2721
c1844 2791
c1845 2731
c1846 2845
c1847 2657
c1848 2685
c1849 2946
c1850 2645
c1851 3042
c1852 2991
c1853 2816
c1854 3048
c1855 2631
c1856 2889
c1857 3158
c1858 2836
c1859 2797
c1860 2976
c1861 2766
c1862 2542
c1863 2851
c1864 2922
c1865 2700
c1866 2939
c1867 2719
c1868 2908
c1869 2377
c1870 2964
c1871 3015
c1872 2605
c1873 2905
c1874 2484
c1875 2774
c1876 2474
c1877 2967
c1878 2748
c1879 2887
c1880 2954
c1881 2839
c1882 3005
c1883 2786
c1884 2690
c1885 2785
c1886 2803
c1887 2819
c1888 2744
c1889 2802
c1890 3028
c1891 2757
c1892 3138
c1893 2609
c1894 2913
c1895 3031
c1896 2961
c1897 2873
c1898 2977
c1899 2822
c18100 2788
8
