100 100
c271 3501
c272 3607
c273 3300
c274 3515
c275 3353
c276 3595
c277 3022
c278 3240
c279 3632
c2710 3341
c2711 3402
c2712 3256
c2713 3350
c2714 3189
c2715 3613
c2716 3486
c2717 3345
c2718 3476
c2719 3746
c2720 3632
c2721 3370
c2722 3283
c2723 3701
c2724 3654
c2725 3581
c2726 3382
c2727 3158
c2728 3487
c2729 3433
c2730 3521
c2731 3351
c2732 3643
c2733 3645
c2734 3530
c2735 2932
c2736 3132
c2737 3344
c2738 3408
c2739 3538
c2740 3817
c2741 3471
c2742 3314
c2743 3213
c2744 3302
c2745 3090
c2746 3533
c2747 3440
c2748 3152
c2749 3596
c2750 3337
c2751 3580
c2752 3837
c2753 3273
c2754 3487
c2755 3186
c2756 3554
c2757 3971
c2758 3482
c2759 3495
c2760 3562
c2761 3355
c2762 3031
c2763 3652
c2764 3426
c2765 3362
c2766 3492
c2767 3265
c2768 3615
c2769 3025
c2770 3280
c2771 3445
c2772 3439
c2773 3565
c2774 3139
c2775 3474
c2776 3324
c2777 3591
c2778 3132
c2779 3505
c2780 3559
c2781 3422
c2782 3425
c2783 3538
c2784 3291
c2785 3462
c2786 3292
c2787 3442
c2788 3391
c2789 3408
c2790 3486
c2791 3094
c2792 3627
c2793 3376
c2794 3606
c2795 3670
c2796 3494
c2797 3726
c2798 3478
c2799 3530
c27100 3291
c281 3101
c282 3198
c283 3074
c284 3187
c285 2977
c286 3290
c287 2884
c288 3132
c289 3102
c2810 3158
c2811 3113
c2812 2688
c2813 3137
c2814 2855
c2815 3175
c2816 3025
c2817 3044
c2818 3276
c2819 3312
c2820 3341
c2821 2974
c2822 2865
c2823 3083
c2824 3346
c2825 3132
c2826 3013
c2827 2886
c2828 3020
c2829 3095
c2830 3128
c2831 2988
c2832 3355
c2833 3072
c2834 3149
c2835 2767
c2836 2786
c2837 2975
c2838 2942
c2839 3102
c2840 3361
c2841 3081
c2842 2989
c2843 2920
c2844 3179
c2845 2849
c2846 3103
c2847 3001
c2848 2917
c2849 3205
c2850 2857
c2851 2908
c2852 3239
c2853 3131
c2854 2973
c2855 2813
c2856 3086
c2857 3462
c2858 3008
c2859 3050
c2860 3076
c2861 3022
c2862 2795
c2863 3194
c2864 3021
c2865 3071
c2866 3049
c2867 3003
c2868 3340
c2869 2762
c2870 2819
c2871 3200
c2872 2819
c2873 3082
c2874 2622
c2875 3125
c2876 2778
c2877 3321
c2878 2992
c2879 3179
c2880 3021
c2881 3199
c2882 3119
c2883 3086
c2884 2876
c2885 3083
c2886 2845
c2887 3000
c2888 2979
c2889 2974
c2890 3304
c2891 3055
c2892 3308
c2893 3104
c2894 3105
c2895 3290
c2896 3046
c2897 3224
c2898 3038
c2899 3180
c28100 3123
8
